<?xml version="1.0" encoding="UTF-8"?>
<coverage generated="1462954257">
  <project timestamp="1462954257">
    <file name="/Users/yannickwinter/Documents/Studium/appXpired/git/appXpired/Backend/src/Delete.php">
      <class name="Delete" namespace="global">
        <metrics methods="1" coveredmethods="0" conditionals="0" coveredconditionals="0" statements="13" coveredstatements="3" elements="14" coveredelements="3"/>
      </class>
      <line num="14" type="method" name="execute" crap="7.10" count="1"/>
      <line num="15" type="stmt" count="1"/>
      <line num="16" type="stmt" count="0"/>
      <line num="17" type="stmt" count="0"/>
      <line num="18" type="stmt" count="0"/>
      <line num="19" type="stmt" count="0"/>
      <line num="20" type="stmt" count="0"/>
      <line num="21" type="stmt" count="0"/>
      <line num="22" type="stmt" count="0"/>
      <line num="23" type="stmt" count="0"/>
      <line num="25" type="stmt" count="0"/>
      <line num="27" type="stmt" count="0"/>
      <line num="28" type="stmt" count="1"/>
      <line num="29" type="stmt" count="1"/>
      <metrics loc="29" ncloc="23" classes="1" methods="1" coveredmethods="0" conditionals="0" coveredconditionals="0" statements="13" coveredstatements="3" elements="14" coveredelements="3"/>
    </file>
    <file name="/Users/yannickwinter/Documents/Studium/appXpired/git/appXpired/Backend/src/ErrorCode.php">
      <class name="ErrorCode" namespace="global">
        <metrics methods="1" coveredmethods="0" conditionals="0" coveredconditionals="0" statements="1" coveredstatements="0" elements="2" coveredelements="0"/>
      </class>
      <line num="12" type="method" name="__construct" crap="2" count="0"/>
      <line num="15" type="stmt" count="0"/>
      <metrics loc="36" ncloc="12" classes="1" methods="1" coveredmethods="0" conditionals="0" coveredconditionals="0" statements="1" coveredstatements="0" elements="2" coveredelements="0"/>
    </file>
    <file name="/Users/yannickwinter/Documents/Studium/appXpired/git/appXpired/Backend/src/Get.php">
      <class name="Get" namespace="global">
        <metrics methods="1" coveredmethods="0" conditionals="0" coveredconditionals="0" statements="12" coveredstatements="0" elements="13" coveredelements="0"/>
      </class>
      <line num="18" type="method" name="execute" crap="6" count="0"/>
      <line num="19" type="stmt" count="0"/>
      <line num="20" type="stmt" count="0"/>
      <line num="21" type="stmt" count="0"/>
      <line num="23" type="stmt" count="0"/>
      <line num="24" type="stmt" count="0"/>
      <line num="25" type="stmt" count="0"/>
      <line num="27" type="stmt" count="0"/>
      <line num="29" type="stmt" count="0"/>
      <line num="30" type="stmt" count="0"/>
      <line num="31" type="stmt" count="0"/>
      <line num="32" type="stmt" count="0"/>
      <line num="33" type="stmt" count="0"/>
      <metrics loc="33" ncloc="23" classes="1" methods="1" coveredmethods="0" conditionals="0" coveredconditionals="0" statements="12" coveredstatements="0" elements="13" coveredelements="0"/>
    </file>
    <file name="/Users/yannickwinter/Documents/Studium/appXpired/git/appXpired/Backend/src/Header.php">
      <class name="Header" namespace="global">
        <metrics methods="4" coveredmethods="4" conditionals="0" coveredconditionals="0" statements="6" coveredstatements="6" elements="10" coveredelements="10"/>
      </class>
      <line num="26" type="method" name="getKey" crap="1" count="6"/>
      <line num="28" type="stmt" count="6"/>
      <line num="34" type="method" name="getValue" crap="1" count="5"/>
      <line num="36" type="stmt" count="5"/>
      <line num="44" type="method" name="__construct" crap="1" count="10"/>
      <line num="46" type="stmt" count="10"/>
      <line num="47" type="stmt" count="10"/>
      <line num="48" type="stmt" count="10"/>
      <line num="53" type="method" name="toHeaderString" crap="1" count="2"/>
      <line num="54" type="stmt" count="2"/>
      <metrics loc="55" ncloc="29" classes="1" methods="4" coveredmethods="4" conditionals="0" coveredconditionals="0" statements="6" coveredstatements="6" elements="10" coveredelements="10"/>
    </file>
    <file name="/Users/yannickwinter/Documents/Studium/appXpired/git/appXpired/Backend/src/HeaderManager.php">
      <class name="HeaderManager" namespace="global">
        <metrics methods="5" coveredmethods="2" conditionals="0" coveredconditionals="0" statements="28" coveredstatements="17" elements="33" coveredelements="19"/>
      </class>
      <line num="27" type="method" name="getInstance" crap="2.50" count="8"/>
      <line num="28" type="stmt" count="8"/>
      <line num="29" type="stmt" count="0"/>
      <line num="30" type="stmt" count="0"/>
      <line num="32" type="stmt" count="8"/>
      <line num="44" type="method" name="addHeader" crap="1" count="7"/>
      <line num="45" type="stmt" count="7"/>
      <line num="46" type="stmt" count="7"/>
      <line num="52" type="method" name="addError" crap="5.64" count="1"/>
      <line num="53" type="stmt" count="1"/>
      <line num="54" type="stmt" count="1"/>
      <line num="55" type="stmt" count="1"/>
      <line num="56" type="stmt" count="1"/>
      <line num="57" type="stmt" count="1"/>
      <line num="58" type="stmt" count="0"/>
      <line num="59" type="stmt" count="0"/>
      <line num="60" type="stmt" count="0"/>
      <line num="61" type="stmt" count="0"/>
      <line num="62" type="stmt" count="0"/>
      <line num="63" type="stmt" count="1"/>
      <line num="64" type="stmt" count="1"/>
      <line num="65" type="stmt" count="1"/>
      <line num="66" type="stmt" count="1"/>
      <line num="67" type="stmt" count="1"/>
      <line num="68" type="stmt" count="1"/>
      <line num="69" type="stmt" count="1"/>
      <line num="74" type="method" name="setForHeadersResponse" crap="6" count="0"/>
      <line num="75" type="stmt" count="0"/>
      <line num="76" type="stmt" count="0"/>
      <line num="77" type="stmt" count="0"/>
      <line num="78" type="stmt" count="0"/>
      <line num="80" type="method" name="getHeaders" crap="1" count="7"/>
      <line num="81" type="stmt" count="7"/>
      <metrics loc="82" ncloc="53" classes="1" methods="5" coveredmethods="2" conditionals="0" coveredconditionals="0" statements="28" coveredstatements="17" elements="33" coveredelements="19"/>
    </file>
    <file name="/Users/yannickwinter/Documents/Studium/appXpired/git/appXpired/Backend/src/HouseholdCreate.php">
      <class name="HouseholdCreate" namespace="global">
        <metrics methods="1" coveredmethods="0" conditionals="0" coveredconditionals="0" statements="5" coveredstatements="0" elements="6" coveredelements="0"/>
      </class>
      <line num="14" type="method" name="execute" crap="2" count="0"/>
      <line num="16" type="stmt" count="0"/>
      <line num="17" type="stmt" count="0"/>
      <line num="18" type="stmt" count="0"/>
      <line num="19" type="stmt" count="0"/>
      <line num="20" type="stmt" count="0"/>
      <metrics loc="20" ncloc="14" classes="1" methods="1" coveredmethods="0" conditionals="0" coveredconditionals="0" statements="5" coveredstatements="0" elements="6" coveredelements="0"/>
    </file>
    <file name="/Users/yannickwinter/Documents/Studium/appXpired/git/appXpired/Backend/src/Login.php">
      <class name="Login" namespace="global">
        <metrics methods="1" coveredmethods="0" conditionals="0" coveredconditionals="0" statements="5" coveredstatements="3" elements="6" coveredelements="3"/>
      </class>
      <line num="30" type="method" name="execute" crap="2.26" count="1"/>
      <line num="31" type="stmt" count="1"/>
      <line num="32" type="stmt" count="0"/>
      <line num="33" type="stmt" count="0"/>
      <line num="34" type="stmt" count="1"/>
      <line num="35" type="stmt" count="1"/>
      <metrics loc="35" ncloc="29" classes="1" methods="1" coveredmethods="0" conditionals="0" coveredconditionals="0" statements="5" coveredstatements="3" elements="6" coveredelements="3"/>
    </file>
    <file name="/Users/yannickwinter/Documents/Studium/appXpired/git/appXpired/Backend/src/Patch.php">
      <class name="Patch" namespace="global">
        <metrics methods="1" coveredmethods="0" conditionals="0" coveredconditionals="0" statements="16" coveredstatements="9" elements="17" coveredelements="9"/>
      </class>
      <line num="14" type="method" name="execute" crap="3.75" count="1"/>
      <line num="15" type="stmt" count="1"/>
      <line num="16" type="stmt" count="1"/>
      <line num="17" type="stmt" count="1"/>
      <line num="19" type="stmt" count="1"/>
      <line num="20" type="stmt" count="1"/>
      <line num="21" type="stmt" count="1"/>
      <line num="23" type="stmt" count="1"/>
      <line num="24" type="stmt" count="0"/>
      <line num="25" type="stmt" count="0"/>
      <line num="26" type="stmt" count="0"/>
      <line num="27" type="stmt" count="0"/>
      <line num="28" type="stmt" count="0"/>
      <line num="30" type="stmt" count="0"/>
      <line num="32" type="stmt" count="0"/>
      <line num="33" type="stmt" count="1"/>
      <line num="34" type="stmt" count="1"/>
      <metrics loc="34" ncloc="28" classes="1" methods="1" coveredmethods="0" conditionals="0" coveredconditionals="0" statements="16" coveredstatements="9" elements="17" coveredelements="9"/>
    </file>
    <file name="/Users/yannickwinter/Documents/Studium/appXpired/git/appXpired/Backend/src/Post.php">
      <class name="Post" namespace="global">
        <metrics methods="1" coveredmethods="0" conditionals="0" coveredconditionals="0" statements="13" coveredstatements="3" elements="14" coveredelements="3"/>
      </class>
      <line num="17" type="method" name="execute" crap="7.10" count="1"/>
      <line num="18" type="stmt" count="1"/>
      <line num="19" type="stmt" count="0"/>
      <line num="20" type="stmt" count="0"/>
      <line num="21" type="stmt" count="0"/>
      <line num="23" type="stmt" count="0"/>
      <line num="24" type="stmt" count="0"/>
      <line num="25" type="stmt" count="0"/>
      <line num="26" type="stmt" count="0"/>
      <line num="27" type="stmt" count="0"/>
      <line num="29" type="stmt" count="0"/>
      <line num="31" type="stmt" count="0"/>
      <line num="32" type="stmt" count="1"/>
      <line num="33" type="stmt" count="1"/>
      <metrics loc="33" ncloc="24" classes="1" methods="1" coveredmethods="0" conditionals="0" coveredconditionals="0" statements="13" coveredstatements="3" elements="14" coveredelements="3"/>
    </file>
    <file name="/Users/yannickwinter/Documents/Studium/appXpired/git/appXpired/Backend/src/Printer.php">
      <class name="Printer" namespace="global">
        <metrics methods="2" coveredmethods="0" conditionals="0" coveredconditionals="0" statements="7" coveredstatements="0" elements="9" coveredelements="0"/>
      </class>
      <line num="28" type="method" name="__construct" crap="2" count="0"/>
      <line num="30" type="stmt" count="0"/>
      <line num="31" type="stmt" count="0"/>
      <line num="32" type="stmt" count="0"/>
      <line num="37" type="method" name="execute" crap="2" count="0"/>
      <line num="38" type="stmt" count="0"/>
      <line num="39" type="stmt" count="0"/>
      <line num="40" type="stmt" count="0"/>
      <line num="41" type="stmt" count="0"/>
      <metrics loc="41" ncloc="22" classes="1" methods="2" coveredmethods="0" conditionals="0" coveredconditionals="0" statements="7" coveredstatements="0" elements="9" coveredelements="0"/>
    </file>
    <file name="/Users/yannickwinter/Documents/Studium/appXpired/git/appXpired/Backend/src/Request.php">
      <class name="Request" namespace="global">
        <metrics methods="6" coveredmethods="4" conditionals="0" coveredconditionals="0" statements="40" coveredstatements="30" elements="46" coveredelements="34"/>
      </class>
      <line num="37" type="method" name="__construct" crap="1" count="20"/>
      <line num="39" type="stmt" count="20"/>
      <line num="40" type="stmt" count="20"/>
      <line num="41" type="stmt" count="20"/>
      <line num="42" type="stmt" count="20"/>
      <line num="45" type="method" name="getOutputString" crap="1" count="8"/>
      <line num="46" type="stmt" count="8"/>
      <line num="49" type="method" name="makeUpHeadersFromDBReturn" crap="19.12" count="4"/>
      <line num="50" type="stmt" count="4"/>
      <line num="51" type="stmt" count="4"/>
      <line num="52" type="stmt" count="4"/>
      <line num="53" type="stmt" count="4"/>
      <line num="54" type="stmt" count="4"/>
      <line num="55" type="stmt" count="4"/>
      <line num="56" type="stmt" count="0"/>
      <line num="57" type="stmt" count="0"/>
      <line num="58" type="stmt" count="0"/>
      <line num="59" type="stmt" count="0"/>
      <line num="60" type="stmt" count="0"/>
      <line num="61" type="stmt" count="0"/>
      <line num="62" type="stmt" count="0"/>
      <line num="63" type="stmt" count="4"/>
      <line num="64" type="stmt" count="4"/>
      <line num="65" type="stmt" count="0"/>
      <line num="66" type="stmt" count="0"/>
      <line num="67" type="stmt" count="4"/>
      <line num="69" type="method" name="execute" crap="2" count="0"/>
      <line num="71" type="stmt" count="0"/>
      <line num="76" type="method" name="getWhereFieldsAndValues" crap="2" count="5"/>
      <line num="77" type="stmt" count="5"/>
      <line num="78" type="stmt" count="5"/>
      <line num="80" type="stmt" count="5"/>
      <line num="81" type="stmt" count="5"/>
      <line num="82" type="stmt" count="5"/>
      <line num="83" type="stmt" count="5"/>
      <line num="84" type="stmt" count="5"/>
      <line num="90" type="method" name="getSetFieldsAndValues" crap="2" count="5"/>
      <line num="91" type="stmt" count="5"/>
      <line num="92" type="stmt" count="5"/>
      <line num="93" type="stmt" count="5"/>
      <line num="94" type="stmt" count="5"/>
      <line num="95" type="stmt" count="5"/>
      <line num="96" type="stmt" count="5"/>
      <line num="97" type="stmt" count="5"/>
      <line num="98" type="stmt" count="5"/>
      <line num="100" type="stmt" count="5"/>
      <metrics loc="101" ncloc="70" classes="1" methods="6" coveredmethods="4" conditionals="0" coveredconditionals="0" statements="40" coveredstatements="30" elements="46" coveredelements="34"/>
    </file>
    <file name="/Users/yannickwinter/Documents/Studium/appXpired/git/appXpired/Backend/src/RequestFactory.php">
      <class name="RequestFactory" namespace="global">
        <metrics methods="7" coveredmethods="0" conditionals="0" coveredconditionals="0" statements="55" coveredstatements="0" elements="62" coveredelements="0"/>
      </class>
      <line num="23" type="method" name="create" crap="20" count="0"/>
      <line num="25" type="stmt" count="0"/>
      <line num="26" type="stmt" count="0"/>
      <line num="27" type="stmt" count="0"/>
      <line num="28" type="stmt" count="0"/>
      <line num="29" type="stmt" count="0"/>
      <line num="31" type="stmt" count="0"/>
      <line num="32" type="stmt" count="0"/>
      <line num="33" type="stmt" count="0"/>
      <line num="35" type="stmt" count="0"/>
      <line num="36" type="stmt" count="0"/>
      <line num="37" type="stmt" count="0"/>
      <line num="39" type="stmt" count="0"/>
      <line num="45" type="method" name="parseHeaders" crap="6" count="0"/>
      <line num="46" type="stmt" count="0"/>
      <line num="47" type="stmt" count="0"/>
      <line num="48" type="stmt" count="0"/>
      <line num="49" type="stmt" count="0"/>
      <line num="50" type="stmt" count="0"/>
      <line num="53" type="method" name="processHeaders" crap="20" count="0"/>
      <line num="54" type="stmt" count="0"/>
      <line num="55" type="stmt" count="0"/>
      <line num="56" type="stmt" count="0"/>
      <line num="57" type="stmt" count="0"/>
      <line num="59" type="stmt" count="0"/>
      <line num="61" type="stmt" count="0"/>
      <line num="62" type="stmt" count="0"/>
      <line num="63" type="stmt" count="0"/>
      <line num="65" type="stmt" count="0"/>
      <line num="66" type="stmt" count="0"/>
      <line num="67" type="stmt" count="0"/>
      <line num="68" type="stmt" count="0"/>
      <line num="70" type="stmt" count="0"/>
      <line num="72" type="stmt" count="0"/>
      <line num="75" type="method" name="createUserObject" crap="2" count="0"/>
      <line num="76" type="stmt" count="0"/>
      <line num="86" type="method" name="createRequestObject" crap="30" count="0"/>
      <line num="87" type="stmt" count="0"/>
      <line num="88" type="stmt" count="0"/>
      <line num="89" type="stmt" count="0"/>
      <line num="90" type="stmt" count="0"/>
      <line num="91" type="stmt" count="0"/>
      <line num="92" type="stmt" count="0"/>
      <line num="93" type="stmt" count="0"/>
      <line num="94" type="stmt" count="0"/>
      <line num="95" type="stmt" count="0"/>
      <line num="96" type="stmt" count="0"/>
      <line num="97" type="stmt" count="0"/>
      <line num="104" type="method" name="createUserManagementRequestObject" crap="12" count="0"/>
      <line num="105" type="stmt" count="0"/>
      <line num="106" type="stmt" count="0"/>
      <line num="107" type="stmt" count="0"/>
      <line num="108" type="stmt" count="0"/>
      <line num="109" type="stmt" count="0"/>
      <line num="110" type="stmt" count="0"/>
      <line num="111" type="stmt" count="0"/>
      <line num="118" type="method" name="createHouseholdManagementRequestObject" crap="6" count="0"/>
      <line num="119" type="stmt" count="0"/>
      <line num="120" type="stmt" count="0"/>
      <line num="121" type="stmt" count="0"/>
      <line num="122" type="stmt" count="0"/>
      <line num="123" type="stmt" count="0"/>
      <metrics loc="123" ncloc="91" classes="1" methods="7" coveredmethods="0" conditionals="0" coveredconditionals="0" statements="55" coveredstatements="0" elements="62" coveredelements="0"/>
    </file>
    <file name="/Users/yannickwinter/Documents/Studium/appXpired/git/appXpired/Backend/src/User.php">
      <class name="User" namespace="global">
        <metrics methods="9" coveredmethods="7" conditionals="0" coveredconditionals="0" statements="32" coveredstatements="15" elements="41" coveredelements="22"/>
      </class>
      <line num="36" type="method" name="__construct" crap="1" count="27"/>
      <line num="38" type="stmt" count="27"/>
      <line num="39" type="stmt" count="27"/>
      <line num="40" type="stmt" count="27"/>
      <line num="41" type="stmt" count="27"/>
      <line num="42" type="stmt" count="27"/>
      <line num="43" type="stmt" count="27"/>
      <line num="44" type="stmt" count="27"/>
      <line num="49" type="method" name="getId" crap="6" count="0"/>
      <line num="51" type="stmt" count="0"/>
      <line num="52" type="stmt" count="0"/>
      <line num="53" type="stmt" count="0"/>
      <line num="56" type="stmt" count="0"/>
      <line num="61" type="method" name="getUsername" crap="1" count="1"/>
      <line num="63" type="stmt" count="1"/>
      <line num="69" type="method" name="getEmail" crap="1" count="1"/>
      <line num="71" type="stmt" count="1"/>
      <line num="77" type="method" name="getToken" crap="1" count="1"/>
      <line num="79" type="stmt" count="1"/>
      <line num="85" type="method" name="getFirstname" crap="1" count="1"/>
      <line num="87" type="stmt" count="1"/>
      <line num="93" type="method" name="getLastname" crap="1" count="1"/>
      <line num="95" type="stmt" count="1"/>
      <line num="101" type="method" name="getPassword" crap="1" count="1"/>
      <line num="103" type="stmt" count="1"/>
      <line num="110" type="method" name="authorized" crap="21.27" count="5"/>
      <line num="111" type="stmt" count="5"/>
      <line num="112" type="stmt" count="0"/>
      <line num="113" type="stmt" count="0"/>
      <line num="114" type="stmt" count="0"/>
      <line num="115" type="stmt" count="0"/>
      <line num="116" type="stmt" count="0"/>
      <line num="117" type="stmt" count="0"/>
      <line num="120" type="stmt" count="0"/>
      <line num="121" type="stmt" count="0"/>
      <line num="122" type="stmt" count="0"/>
      <line num="123" type="stmt" count="0"/>
      <line num="124" type="stmt" count="0"/>
      <line num="126" type="stmt" count="0"/>
      <line num="128" type="stmt" count="0"/>
      <line num="130" type="stmt" count="5"/>
      <metrics loc="131" ncloc="88" classes="1" methods="9" coveredmethods="7" conditionals="0" coveredconditionals="0" statements="32" coveredstatements="15" elements="41" coveredelements="22"/>
    </file>
    <file name="/Users/yannickwinter/Documents/Studium/appXpired/git/appXpired/Backend/src/UserCreate.php">
      <class name="UserCreate" namespace="global">
        <metrics methods="2" coveredmethods="0" conditionals="0" coveredconditionals="0" statements="8" coveredstatements="0" elements="10" coveredelements="0"/>
      </class>
      <line num="14" type="method" name="execute" crap="6" count="0"/>
      <line num="15" type="stmt" count="0"/>
      <line num="16" type="stmt" count="0"/>
      <line num="17" type="stmt" count="0"/>
      <line num="18" type="stmt" count="0"/>
      <line num="19" type="stmt" count="0"/>
      <line num="20" type="stmt" count="0"/>
      <line num="21" type="stmt" count="0"/>
      <line num="22" type="method" name="getCreatedUser" crap="2" count="0"/>
      <line num="23" type="stmt" count="0"/>
      <metrics loc="24" ncloc="18" classes="1" methods="2" coveredmethods="0" conditionals="0" coveredconditionals="0" statements="8" coveredstatements="0" elements="10" coveredelements="0"/>
    </file>
    <file name="/Users/yannickwinter/Documents/Studium/appXpired/git/appXpired/Backend/src/databaseConnection.php">
      <class name="databaseConnection" namespace="global">
        <metrics methods="25" coveredmethods="9" conditionals="0" coveredconditionals="0" statements="238" coveredstatements="23" elements="263" coveredelements="32"/>
      </class>
      <line num="46" type="method" name="getInstance" crap="2" count="28"/>
      <line num="47" type="stmt" count="28"/>
      <line num="48" type="stmt" count="1"/>
      <line num="49" type="stmt" count="1"/>
      <line num="51" type="stmt" count="28"/>
      <line num="57" type="method" name="getConnected" crap="1" count="1"/>
      <line num="59" type="stmt" count="1"/>
      <line num="64" type="method" name="__construct" crap="1" count="1"/>
      <line num="65" type="stmt" count="1"/>
      <line num="66" type="stmt" count="1"/>
      <line num="67" type="stmt" count="1"/>
      <line num="68" type="stmt" count="1"/>
      <line num="69" type="stmt" count="1"/>
      <line num="70" type="stmt" count="1"/>
      <line num="75" type="method" name="getServerName" crap="1" count="1"/>
      <line num="77" type="stmt" count="1"/>
      <line num="83" type="method" name="getDbname" crap="1" count="1"/>
      <line num="85" type="stmt" count="1"/>
      <line num="91" type="method" name="getUserName" crap="1" count="1"/>
      <line num="93" type="stmt" count="1"/>
      <line num="99" type="method" name="getPassword" crap="1" count="1"/>
      <line num="101" type="stmt" count="1"/>
      <line num="109" type="method" name="connect" crap="6" count="0"/>
      <line num="111" type="stmt" count="0"/>
      <line num="112" type="stmt" count="0"/>
      <line num="115" type="stmt" count="0"/>
      <line num="116" type="stmt" count="0"/>
      <line num="117" type="stmt" count="0"/>
      <line num="118" type="stmt" count="0"/>
      <line num="120" type="stmt" count="0"/>
      <line num="128" type="method" name="checkAuthorizationWithToken" crap="30" count="0"/>
      <line num="130" type="stmt" count="0"/>
      <line num="132" type="stmt" count="0"/>
      <line num="133" type="stmt" count="0"/>
      <line num="134" type="stmt" count="0"/>
      <line num="135" type="stmt" count="0"/>
      <line num="137" type="stmt" count="0"/>
      <line num="138" type="stmt" count="0"/>
      <line num="140" type="stmt" count="0"/>
      <line num="142" type="stmt" count="0"/>
      <line num="144" type="stmt" count="0"/>
      <line num="146" type="stmt" count="0"/>
      <line num="150" type="stmt" count="0"/>
      <line num="155" type="stmt" count="0"/>
      <line num="156" type="stmt" count="0"/>
      <line num="159" type="stmt" count="0"/>
      <line num="160" type="stmt" count="0"/>
      <line num="161" type="stmt" count="0"/>
      <line num="163" type="stmt" count="0"/>
      <line num="172" type="method" name="checkAuthorizationWithPassword" crap="20" count="0"/>
      <line num="173" type="stmt" count="0"/>
      <line num="175" type="stmt" count="0"/>
      <line num="176" type="stmt" count="0"/>
      <line num="177" type="stmt" count="0"/>
      <line num="178" type="stmt" count="0"/>
      <line num="180" type="stmt" count="0"/>
      <line num="182" type="stmt" count="0"/>
      <line num="184" type="stmt" count="0"/>
      <line num="185" type="stmt" count="0"/>
      <line num="188" type="stmt" count="0"/>
      <line num="192" type="stmt" count="0"/>
      <line num="193" type="stmt" count="0"/>
      <line num="196" type="stmt" count="0"/>
      <line num="197" type="stmt" count="0"/>
      <line num="198" type="stmt" count="0"/>
      <line num="200" type="stmt" count="0"/>
      <line num="211" type="method" name="updateLastLogin" crap="12" count="0"/>
      <line num="212" type="stmt" count="0"/>
      <line num="213" type="stmt" count="0"/>
      <line num="214" type="stmt" count="0"/>
      <line num="216" type="stmt" count="0"/>
      <line num="219" type="stmt" count="0"/>
      <line num="221" type="stmt" count="0"/>
      <line num="222" type="stmt" count="0"/>
      <line num="223" type="stmt" count="0"/>
      <line num="225" type="stmt" count="0"/>
      <line num="226" type="stmt" count="0"/>
      <line num="227" type="stmt" count="0"/>
      <line num="240" type="method" name="insert" crap="42" count="0"/>
      <line num="242" type="stmt" count="0"/>
      <line num="243" type="stmt" count="0"/>
      <line num="244" type="stmt" count="0"/>
      <line num="245" type="stmt" count="0"/>
      <line num="246" type="stmt" count="0"/>
      <line num="247" type="stmt" count="0"/>
      <line num="248" type="stmt" count="0"/>
      <line num="249" type="stmt" count="0"/>
      <line num="250" type="stmt" count="0"/>
      <line num="251" type="stmt" count="0"/>
      <line num="252" type="stmt" count="0"/>
      <line num="253" type="stmt" count="0"/>
      <line num="254" type="stmt" count="0"/>
      <line num="255" type="stmt" count="0"/>
      <line num="256" type="stmt" count="0"/>
      <line num="257" type="stmt" count="0"/>
      <line num="258" type="stmt" count="0"/>
      <line num="259" type="stmt" count="0"/>
      <line num="260" type="stmt" count="0"/>
      <line num="262" type="stmt" count="0"/>
      <line num="263" type="stmt" count="0"/>
      <line num="264" type="stmt" count="0"/>
      <line num="265" type="stmt" count="0"/>
      <line num="266" type="stmt" count="0"/>
      <line num="268" type="stmt" count="0"/>
      <line num="269" type="stmt" count="0"/>
      <line num="270" type="stmt" count="0"/>
      <line num="292" type="method" name="get" crap="90" count="0"/>
      <line num="294" type="stmt" count="0"/>
      <line num="295" type="stmt" count="0"/>
      <line num="296" type="stmt" count="0"/>
      <line num="297" type="stmt" count="0"/>
      <line num="298" type="stmt" count="0"/>
      <line num="300" type="stmt" count="0"/>
      <line num="301" type="stmt" count="0"/>
      <line num="303" type="stmt" count="0"/>
      <line num="304" type="stmt" count="0"/>
      <line num="305" type="stmt" count="0"/>
      <line num="306" type="stmt" count="0"/>
      <line num="308" type="stmt" count="0"/>
      <line num="309" type="stmt" count="0"/>
      <line num="310" type="stmt" count="0"/>
      <line num="311" type="stmt" count="0"/>
      <line num="312" type="stmt" count="0"/>
      <line num="313" type="stmt" count="0"/>
      <line num="315" type="stmt" count="0"/>
      <line num="316" type="stmt" count="0"/>
      <line num="317" type="stmt" count="0"/>
      <line num="318" type="stmt" count="0"/>
      <line num="319" type="stmt" count="0"/>
      <line num="320" type="stmt" count="0"/>
      <line num="321" type="stmt" count="0"/>
      <line num="322" type="stmt" count="0"/>
      <line num="323" type="stmt" count="0"/>
      <line num="325" type="stmt" count="0"/>
      <line num="327" type="stmt" count="0"/>
      <line num="328" type="stmt" count="0"/>
      <line num="332" type="stmt" count="0"/>
      <line num="349" type="method" name="update" crap="132" count="0"/>
      <line num="351" type="stmt" count="0"/>
      <line num="352" type="stmt" count="0"/>
      <line num="353" type="stmt" count="0"/>
      <line num="354" type="stmt" count="0"/>
      <line num="355" type="stmt" count="0"/>
      <line num="356" type="stmt" count="0"/>
      <line num="357" type="stmt" count="0"/>
      <line num="358" type="stmt" count="0"/>
      <line num="359" type="stmt" count="0"/>
      <line num="360" type="stmt" count="0"/>
      <line num="361" type="stmt" count="0"/>
      <line num="362" type="stmt" count="0"/>
      <line num="363" type="stmt" count="0"/>
      <line num="364" type="stmt" count="0"/>
      <line num="365" type="stmt" count="0"/>
      <line num="366" type="stmt" count="0"/>
      <line num="367" type="stmt" count="0"/>
      <line num="368" type="stmt" count="0"/>
      <line num="369" type="stmt" count="0"/>
      <line num="372" type="stmt" count="0"/>
      <line num="373" type="stmt" count="0"/>
      <line num="377" type="stmt" count="0"/>
      <line num="393" type="method" name="delete" crap="56" count="0"/>
      <line num="394" type="stmt" count="0"/>
      <line num="395" type="stmt" count="0"/>
      <line num="396" type="stmt" count="0"/>
      <line num="397" type="stmt" count="0"/>
      <line num="398" type="stmt" count="0"/>
      <line num="399" type="stmt" count="0"/>
      <line num="400" type="stmt" count="0"/>
      <line num="401" type="stmt" count="0"/>
      <line num="402" type="stmt" count="0"/>
      <line num="403" type="stmt" count="0"/>
      <line num="404" type="stmt" count="0"/>
      <line num="405" type="stmt" count="0"/>
      <line num="408" type="stmt" count="0"/>
      <line num="409" type="stmt" count="0"/>
      <line num="413" type="stmt" count="0"/>
      <line num="425" type="method" name="createUser" crap="56" count="0"/>
      <line num="427" type="stmt" count="0"/>
      <line num="428" type="stmt" count="0"/>
      <line num="430" type="stmt" count="0"/>
      <line num="433" type="stmt" count="0"/>
      <line num="434" type="stmt" count="0"/>
      <line num="435" type="stmt" count="0"/>
      <line num="437" type="stmt" count="0"/>
      <line num="440" type="stmt" count="0"/>
      <line num="444" type="stmt" count="0"/>
      <line num="460" type="method" name="createHousehold" crap="20" count="0"/>
      <line num="461" type="stmt" count="0"/>
      <line num="462" type="stmt" count="0"/>
      <line num="463" type="stmt" count="0"/>
      <line num="464" type="stmt" count="0"/>
      <line num="465" type="stmt" count="0"/>
      <line num="466" type="stmt" count="0"/>
      <line num="467" type="stmt" count="0"/>
      <line num="468" type="stmt" count="0"/>
      <line num="469" type="stmt" count="0"/>
      <line num="470" type="stmt" count="0"/>
      <line num="473" type="stmt" count="0"/>
      <line num="477" type="stmt" count="0"/>
      <line num="481" type="stmt" count="0"/>
      <line num="489" type="method" name="getUserId" crap="30" count="0"/>
      <line num="491" type="stmt" count="0"/>
      <line num="492" type="stmt" count="0"/>
      <line num="493" type="stmt" count="0"/>
      <line num="494" type="stmt" count="0"/>
      <line num="495" type="stmt" count="0"/>
      <line num="496" type="stmt" count="0"/>
      <line num="498" type="stmt" count="0"/>
      <line num="500" type="stmt" count="0"/>
      <line num="501" type="stmt" count="0"/>
      <line num="502" type="stmt" count="0"/>
      <line num="503" type="stmt" count="0"/>
      <line num="504" type="stmt" count="0"/>
      <line num="505" type="stmt" count="0"/>
      <line num="507" type="stmt" count="0"/>
      <line num="508" type="stmt" count="0"/>
      <line num="509" type="stmt" count="0"/>
      <line num="511" type="stmt" count="0"/>
      <line num="519" type="method" name="validatePassword" crap="3" count="1"/>
      <line num="520" type="stmt" count="1"/>
      <line num="521" type="stmt" count="1"/>
      <line num="524" type="stmt" count="1"/>
      <line num="535" type="method" name="validateUserData" crap="20" count="0"/>
      <line num="536" type="stmt" count="0"/>
      <line num="537" type="stmt" count="0"/>
      <line num="538" type="stmt" count="0"/>
      <line num="539" type="stmt" count="0"/>
      <line num="540" type="stmt" count="0"/>
      <line num="542" type="stmt" count="0"/>
      <line num="543" type="stmt" count="0"/>
      <line num="544" type="stmt" count="0"/>
      <line num="548" type="stmt" count="0"/>
      <line num="549" type="stmt" count="0"/>
      <line num="552" type="stmt" count="0"/>
      <line num="553" type="stmt" count="0"/>
      <line num="554" type="stmt" count="0"/>
      <line num="556" type="stmt" count="0"/>
      <line num="565" type="method" name="doesEmailAdressAlreadyExist" crap="12" count="0"/>
      <line num="567" type="stmt" count="0"/>
      <line num="568" type="stmt" count="0"/>
      <line num="569" type="stmt" count="0"/>
      <line num="571" type="stmt" count="0"/>
      <line num="572" type="stmt" count="0"/>
      <line num="573" type="stmt" count="0"/>
      <line num="574" type="stmt" count="0"/>
      <line num="576" type="stmt" count="0"/>
      <line num="577" type="stmt" count="0"/>
      <line num="578" type="stmt" count="0"/>
      <line num="581" type="stmt" count="0"/>
      <line num="588" type="method" name="getHashedPw" crap="1" count="1"/>
      <line num="589" type="stmt" count="1"/>
      <line num="591" type="stmt" count="1"/>
      <line num="592" type="stmt" count="1"/>
      <line num="594" type="stmt" count="1"/>
      <line num="595" type="stmt" count="1"/>
      <line num="604" type="method" name="generateToken" crap="2" count="0"/>
      <line num="606" type="stmt" count="0"/>
      <line num="617" type="method" name="userIdAuthorizedToAccessHousehold" crap="6" count="0"/>
      <line num="618" type="stmt" count="0"/>
      <line num="619" type="stmt" count="0"/>
      <line num="622" type="stmt" count="0"/>
      <line num="627" type="method" name="__toString" crap="2" count="0"/>
      <line num="628" type="stmt" count="0"/>
      <metrics loc="629" ncloc="393" classes="1" methods="25" coveredmethods="9" conditionals="0" coveredconditionals="0" statements="238" coveredstatements="23" elements="263" coveredelements="32"/>
    </file>
    <package name="Composer\Autoload">
      <file name="/Users/yannickwinter/Documents/Studium/appXpired/git/appXpired/vendor/composer/ClassLoader.php">
        <class name="ClassLoader" namespace="Composer\Autoload">
          <metrics methods="19" coveredmethods="0" conditionals="0" coveredconditionals="0" statements="143" coveredstatements="6" elements="162" coveredelements="6"/>
        </class>
        <line num="59" type="method" name="getPrefixes" crap="6" count="0"/>
        <line num="61" type="stmt" count="0"/>
        <line num="62" type="stmt" count="0"/>
        <line num="65" type="stmt" count="0"/>
        <line num="68" type="method" name="getPrefixesPsr4" crap="2" count="0"/>
        <line num="70" type="stmt" count="0"/>
        <line num="73" type="method" name="getFallbackDirs" crap="2" count="0"/>
        <line num="75" type="stmt" count="0"/>
        <line num="78" type="method" name="getFallbackDirsPsr4" crap="2" count="0"/>
        <line num="80" type="stmt" count="0"/>
        <line num="83" type="method" name="getClassMap" crap="2" count="0"/>
        <line num="85" type="stmt" count="0"/>
        <line num="91" type="method" name="addClassMap" crap="6" count="0"/>
        <line num="93" type="stmt" count="0"/>
        <line num="94" type="stmt" count="0"/>
        <line num="95" type="stmt" count="0"/>
        <line num="96" type="stmt" count="0"/>
        <line num="98" type="stmt" count="0"/>
        <line num="108" type="method" name="add" crap="30" count="0"/>
        <line num="110" type="stmt" count="0"/>
        <line num="111" type="stmt" count="0"/>
        <line num="112" type="stmt" count="0"/>
        <line num="113" type="stmt" count="0"/>
        <line num="114" type="stmt" count="0"/>
        <line num="115" type="stmt" count="0"/>
        <line num="116" type="stmt" count="0"/>
        <line num="117" type="stmt" count="0"/>
        <line num="118" type="stmt" count="0"/>
        <line num="120" type="stmt" count="0"/>
        <line num="123" type="stmt" count="0"/>
        <line num="126" type="stmt" count="0"/>
        <line num="127" type="stmt" count="0"/>
        <line num="128" type="stmt" count="0"/>
        <line num="130" type="stmt" count="0"/>
        <line num="132" type="stmt" count="0"/>
        <line num="133" type="stmt" count="0"/>
        <line num="134" type="stmt" count="0"/>
        <line num="135" type="stmt" count="0"/>
        <line num="136" type="stmt" count="0"/>
        <line num="137" type="stmt" count="0"/>
        <line num="138" type="stmt" count="0"/>
        <line num="139" type="stmt" count="0"/>
        <line num="141" type="stmt" count="0"/>
        <line num="143" type="stmt" count="0"/>
        <line num="155" type="method" name="addPsr4" crap="42" count="0"/>
        <line num="157" type="stmt" count="0"/>
        <line num="159" type="stmt" count="0"/>
        <line num="160" type="stmt" count="0"/>
        <line num="161" type="stmt" count="0"/>
        <line num="162" type="stmt" count="0"/>
        <line num="163" type="stmt" count="0"/>
        <line num="164" type="stmt" count="0"/>
        <line num="165" type="stmt" count="0"/>
        <line num="166" type="stmt" count="0"/>
        <line num="168" type="stmt" count="0"/>
        <line num="170" type="stmt" count="0"/>
        <line num="172" type="stmt" count="0"/>
        <line num="173" type="stmt" count="0"/>
        <line num="174" type="stmt" count="0"/>
        <line num="176" type="stmt" count="0"/>
        <line num="177" type="stmt" count="0"/>
        <line num="178" type="stmt" count="0"/>
        <line num="180" type="stmt" count="0"/>
        <line num="181" type="stmt" count="0"/>
        <line num="182" type="stmt" count="0"/>
        <line num="183" type="stmt" count="0"/>
        <line num="184" type="stmt" count="0"/>
        <line num="186" type="stmt" count="0"/>
        <line num="187" type="stmt" count="0"/>
        <line num="189" type="stmt" count="0"/>
        <line num="191" type="stmt" count="0"/>
        <line num="200" type="method" name="set" crap="6" count="0"/>
        <line num="202" type="stmt" count="0"/>
        <line num="203" type="stmt" count="0"/>
        <line num="204" type="stmt" count="0"/>
        <line num="205" type="stmt" count="0"/>
        <line num="207" type="stmt" count="0"/>
        <line num="218" type="method" name="setPsr4" crap="12" count="0"/>
        <line num="220" type="stmt" count="0"/>
        <line num="221" type="stmt" count="0"/>
        <line num="222" type="stmt" count="0"/>
        <line num="223" type="stmt" count="0"/>
        <line num="224" type="stmt" count="0"/>
        <line num="225" type="stmt" count="0"/>
        <line num="227" type="stmt" count="0"/>
        <line num="228" type="stmt" count="0"/>
        <line num="230" type="stmt" count="0"/>
        <line num="237" type="method" name="setUseIncludePath" crap="2" count="0"/>
        <line num="239" type="stmt" count="0"/>
        <line num="240" type="stmt" count="0"/>
        <line num="248" type="method" name="getUseIncludePath" crap="2" count="0"/>
        <line num="250" type="stmt" count="0"/>
        <line num="259" type="method" name="setClassMapAuthoritative" crap="2" count="0"/>
        <line num="261" type="stmt" count="0"/>
        <line num="262" type="stmt" count="0"/>
        <line num="269" type="method" name="isClassMapAuthoritative" crap="2" count="0"/>
        <line num="271" type="stmt" count="0"/>
        <line num="279" type="method" name="register" crap="2" count="0"/>
        <line num="281" type="stmt" count="0"/>
        <line num="282" type="stmt" count="0"/>
        <line num="287" type="method" name="unregister" crap="2" count="0"/>
        <line num="289" type="stmt" count="0"/>
        <line num="290" type="stmt" count="0"/>
        <line num="298" type="method" name="loadClass" crap="2.06" count="1"/>
        <line num="300" type="stmt" count="1"/>
        <line num="301" type="stmt" count="1"/>
        <line num="303" type="stmt" count="1"/>
        <line num="305" type="stmt" count="0"/>
        <line num="314" type="method" name="findFile" crap="30.77" count="1"/>
        <line num="317" type="stmt" count="1"/>
        <line num="318" type="stmt" count="0"/>
        <line num="319" type="stmt" count="0"/>
        <line num="322" type="stmt" count="1"/>
        <line num="323" type="stmt" count="1"/>
        <line num="325" type="stmt" count="0"/>
        <line num="326" type="stmt" count="0"/>
        <line num="329" type="stmt" count="0"/>
        <line num="332" type="stmt" count="0"/>
        <line num="333" type="stmt" count="0"/>
        <line num="334" type="stmt" count="0"/>
        <line num="336" type="stmt" count="0"/>
        <line num="338" type="stmt" count="0"/>
        <line num="341" type="stmt" count="0"/>
        <line num="344" type="method" name="findFileWithExtension" crap="342" count="0"/>
        <line num="347" type="stmt" count="0"/>
        <line num="349" type="stmt" count="0"/>
        <line num="350" type="stmt" count="0"/>
        <line num="351" type="stmt" count="0"/>
        <line num="352" type="stmt" count="0"/>
        <line num="353" type="stmt" count="0"/>
        <line num="354" type="stmt" count="0"/>
        <line num="355" type="stmt" count="0"/>
        <line num="357" type="stmt" count="0"/>
        <line num="358" type="stmt" count="0"/>
        <line num="359" type="stmt" count="0"/>
        <line num="360" type="stmt" count="0"/>
        <line num="363" type="stmt" count="0"/>
        <line num="364" type="stmt" count="0"/>
        <line num="365" type="stmt" count="0"/>
        <line num="367" type="stmt" count="0"/>
        <line num="370" type="stmt" count="0"/>
        <line num="372" type="stmt" count="0"/>
        <line num="373" type="stmt" count="0"/>
        <line num="374" type="stmt" count="0"/>
        <line num="376" type="stmt" count="0"/>
        <line num="379" type="stmt" count="0"/>
        <line num="380" type="stmt" count="0"/>
        <line num="381" type="stmt" count="0"/>
        <line num="382" type="stmt" count="0"/>
        <line num="383" type="stmt" count="0"/>
        <line num="384" type="stmt" count="0"/>
        <line num="386" type="stmt" count="0"/>
        <line num="387" type="stmt" count="0"/>
        <line num="388" type="stmt" count="0"/>
        <line num="389" type="stmt" count="0"/>
        <line num="392" type="stmt" count="0"/>
        <line num="393" type="stmt" count="0"/>
        <line num="394" type="stmt" count="0"/>
        <line num="396" type="stmt" count="0"/>
        <line num="399" type="stmt" count="0"/>
        <line num="400" type="stmt" count="0"/>
        <line num="402" type="stmt" count="0"/>
        <line num="412" type="stmt" count="1"/>
        <line num="413" type="stmt" count="1"/>
        <metrics loc="413" ncloc="257" classes="1" methods="19" coveredmethods="0" conditionals="0" coveredconditionals="0" statements="145" coveredstatements="8" elements="164" coveredelements="8"/>
      </file>
      <file name="/Users/yannickwinter/Documents/Studium/appXpired/git/appXpired/vendor/composer/autoload_static.php">
        <class name="ComposerStaticInit4784e83e7580c3baf5a9ac65dd917360" namespace="Composer\Autoload">
          <metrics methods="1" coveredmethods="0" conditionals="0" coveredconditionals="0" statements="5" coveredstatements="0" elements="6" coveredelements="0"/>
        </class>
        <line num="488" type="method" name="anonymous function" crap="2" count="0"/>
        <line num="489" type="stmt" count="0"/>
        <line num="490" type="stmt" count="0"/>
        <line num="491" type="stmt" count="0"/>
        <line num="492" type="stmt" count="0"/>
        <line num="494" type="stmt" count="0"/>
        <metrics loc="496" ncloc="494" classes="1" methods="1" coveredmethods="0" conditionals="0" coveredconditionals="0" statements="5" coveredstatements="0" elements="6" coveredelements="0"/>
      </file>
    </package>
    <file name="/Users/yannickwinter/Documents/Studium/appXpired/git/appXpired/vendor/composer/autoload_real.php">
      <class name="ComposerAutoloaderInit4784e83e7580c3baf5a9ac65dd917360" namespace="global">
        <metrics methods="2" coveredmethods="0" conditionals="0" coveredconditionals="0" statements="28" coveredstatements="0" elements="30" coveredelements="0"/>
      </class>
      <line num="9" type="method" name="loadClassLoader" crap="6" count="0"/>
      <line num="11" type="stmt" count="0"/>
      <line num="12" type="stmt" count="0"/>
      <line num="13" type="stmt" count="0"/>
      <line num="14" type="stmt" count="0"/>
      <line num="16" type="method" name="getLoader" crap="56" count="0"/>
      <line num="18" type="stmt" count="0"/>
      <line num="19" type="stmt" count="0"/>
      <line num="22" type="stmt" count="0"/>
      <line num="23" type="stmt" count="0"/>
      <line num="24" type="stmt" count="0"/>
      <line num="26" type="stmt" count="0"/>
      <line num="27" type="stmt" count="0"/>
      <line num="28" type="stmt" count="0"/>
      <line num="30" type="stmt" count="0"/>
      <line num="31" type="stmt" count="0"/>
      <line num="32" type="stmt" count="0"/>
      <line num="33" type="stmt" count="0"/>
      <line num="34" type="stmt" count="0"/>
      <line num="35" type="stmt" count="0"/>
      <line num="37" type="stmt" count="0"/>
      <line num="38" type="stmt" count="0"/>
      <line num="39" type="stmt" count="0"/>
      <line num="40" type="stmt" count="0"/>
      <line num="42" type="stmt" count="0"/>
      <line num="43" type="stmt" count="0"/>
      <line num="44" type="stmt" count="0"/>
      <line num="45" type="stmt" count="0"/>
      <line num="48" type="stmt" count="0"/>
      <line num="50" type="stmt" count="0"/>
      <metrics loc="52" ncloc="50" classes="1" methods="2" coveredmethods="0" conditionals="0" coveredconditionals="0" statements="28" coveredstatements="0" elements="30" coveredelements="0"/>
    </file>
    <file name="/Users/yannickwinter/Documents/Studium/appXpired/git/appXpired/vendor/phpunit/php-code-coverage/src/CodeCoverage.php">
      <class name="PHP_CodeCoverage" namespace="global" fullPackage="PHP">
        <metrics methods="30" coveredmethods="0" conditionals="0" coveredconditionals="0" statements="420" coveredstatements="4" elements="450" coveredelements="4"/>
      </class>
      <line num="96" type="method" name="__construct" crap="12" count="0"/>
      <line num="98" type="stmt" count="0"/>
      <line num="99" type="stmt" count="0"/>
      <line num="100" type="stmt" count="0"/>
      <line num="102" type="stmt" count="0"/>
      <line num="103" type="stmt" count="0"/>
      <line num="104" type="stmt" count="0"/>
      <line num="106" type="stmt" count="0"/>
      <line num="107" type="stmt" count="0"/>
      <line num="108" type="stmt" count="0"/>
      <line num="117" type="method" name="getReport" crap="2" count="0"/>
      <line num="119" type="stmt" count="0"/>
      <line num="121" type="stmt" count="0"/>
      <line num="127" type="method" name="clear" crap="2" count="0"/>
      <line num="129" type="stmt" count="0"/>
      <line num="130" type="stmt" count="0"/>
      <line num="131" type="stmt" count="0"/>
      <line num="132" type="stmt" count="0"/>
      <line num="139" type="method" name="filter" crap="2" count="0"/>
      <line num="141" type="stmt" count="0"/>
      <line num="152" type="method" name="getData" crap="30" count="0"/>
      <line num="154" type="stmt" count="0"/>
      <line num="155" type="stmt" count="0"/>
      <line num="156" type="stmt" count="0"/>
      <line num="160" type="stmt" count="0"/>
      <line num="161" type="stmt" count="0"/>
      <line num="162" type="stmt" count="0"/>
      <line num="164" type="stmt" count="0"/>
      <line num="173" type="method" name="setData" crap="2" count="0"/>
      <line num="175" type="stmt" count="0"/>
      <line num="176" type="stmt" count="0"/>
      <line num="184" type="method" name="getTests" crap="2" count="0"/>
      <line num="186" type="stmt" count="0"/>
      <line num="195" type="method" name="setTests" crap="2" count="0"/>
      <line num="197" type="stmt" count="0"/>
      <line num="198" type="stmt" count="0"/>
      <line num="207" type="method" name="start" crap="9.56" count="42"/>
      <line num="209" type="stmt" count="0"/>
      <line num="210" type="stmt" count="0"/>
      <line num="211" type="stmt" count="0"/>
      <line num="213" type="stmt" count="0"/>
      <line num="216" type="stmt" count="0"/>
      <line num="217" type="stmt" count="0"/>
      <line num="218" type="stmt" count="0"/>
      <line num="220" type="stmt" count="0"/>
      <line num="222" type="stmt" count="0"/>
      <line num="223" type="stmt" count="42"/>
      <line num="234" type="method" name="stop" crap="10.75" count="42"/>
      <line num="236" type="stmt" count="42"/>
      <line num="237" type="stmt" count="0"/>
      <line num="238" type="stmt" count="0"/>
      <line num="240" type="stmt" count="0"/>
      <line num="243" type="stmt" count="42"/>
      <line num="244" type="stmt" count="0"/>
      <line num="245" type="stmt" count="0"/>
      <line num="247" type="stmt" count="0"/>
      <line num="250" type="stmt" count="42"/>
      <line num="251" type="stmt" count="0"/>
      <line num="253" type="stmt" count="0"/>
      <line num="255" type="stmt" count="0"/>
      <line num="268" type="method" name="append" crap="306" count="0"/>
      <line num="270" type="stmt" count="0"/>
      <line num="271" type="stmt" count="0"/>
      <line num="272" type="stmt" count="0"/>
      <line num="274" type="stmt" count="0"/>
      <line num="275" type="stmt" count="0"/>
      <line num="278" type="stmt" count="0"/>
      <line num="279" type="stmt" count="0"/>
      <line num="280" type="stmt" count="0"/>
      <line num="282" type="stmt" count="0"/>
      <line num="283" type="stmt" count="0"/>
      <line num="286" type="stmt" count="0"/>
      <line num="287" type="stmt" count="0"/>
      <line num="288" type="stmt" count="0"/>
      <line num="289" type="stmt" count="0"/>
      <line num="291" type="stmt" count="0"/>
      <line num="292" type="stmt" count="0"/>
      <line num="294" type="stmt" count="0"/>
      <line num="295" type="stmt" count="0"/>
      <line num="298" type="stmt" count="0"/>
      <line num="299" type="stmt" count="0"/>
      <line num="301" type="stmt" count="0"/>
      <line num="302" type="stmt" count="0"/>
      <line num="304" type="stmt" count="0"/>
      <line num="305" type="stmt" count="0"/>
      <line num="306" type="stmt" count="0"/>
      <line num="307" type="stmt" count="0"/>
      <line num="308" type="stmt" count="0"/>
      <line num="309" type="stmt" count="0"/>
      <line num="310" type="stmt" count="0"/>
      <line num="312" type="stmt" count="0"/>
      <line num="313" type="stmt" count="0"/>
      <line num="314" type="stmt" count="0"/>
      <line num="315" type="stmt" count="0"/>
      <line num="316" type="stmt" count="0"/>
      <line num="317" type="stmt" count="0"/>
      <line num="319" type="stmt" count="0"/>
      <line num="321" type="stmt" count="0"/>
      <line num="322" type="stmt" count="0"/>
      <line num="323" type="stmt" count="0"/>
      <line num="326" type="stmt" count="0"/>
      <line num="327" type="stmt" count="0"/>
      <line num="328" type="stmt" count="0"/>
      <line num="329" type="stmt" count="0"/>
      <line num="330" type="stmt" count="0"/>
      <line num="331" type="stmt" count="0"/>
      <line num="332" type="stmt" count="0"/>
      <line num="333" type="stmt" count="0"/>
      <line num="334" type="stmt" count="0"/>
      <line num="341" type="method" name="merge" crap="56" count="0"/>
      <line num="343" type="stmt" count="0"/>
      <line num="344" type="stmt" count="0"/>
      <line num="345" type="stmt" count="0"/>
      <line num="347" type="stmt" count="0"/>
      <line num="348" type="stmt" count="0"/>
      <line num="349" type="stmt" count="0"/>
      <line num="351" type="stmt" count="0"/>
      <line num="352" type="stmt" count="0"/>
      <line num="353" type="stmt" count="0"/>
      <line num="354" type="stmt" count="0"/>
      <line num="355" type="stmt" count="0"/>
      <line num="357" type="stmt" count="0"/>
      <line num="360" type="stmt" count="0"/>
      <line num="361" type="stmt" count="0"/>
      <line num="362" type="stmt" count="0"/>
      <line num="363" type="stmt" count="0"/>
      <line num="364" type="stmt" count="0"/>
      <line num="365" type="stmt" count="0"/>
      <line num="366" type="stmt" count="0"/>
      <line num="367" type="stmt" count="0"/>
      <line num="369" type="stmt" count="0"/>
      <line num="370" type="stmt" count="0"/>
      <line num="371" type="stmt" count="0"/>
      <line num="373" type="stmt" count="0"/>
      <line num="375" type="stmt" count="0"/>
      <line num="382" type="method" name="setCacheTokens" crap="6" count="0"/>
      <line num="384" type="stmt" count="0"/>
      <line num="385" type="stmt" count="0"/>
      <line num="386" type="stmt" count="0"/>
      <line num="388" type="stmt" count="0"/>
      <line num="391" type="stmt" count="0"/>
      <line num="392" type="stmt" count="0"/>
      <line num="397" type="method" name="getCacheTokens" crap="2" count="0"/>
      <line num="399" type="stmt" count="0"/>
      <line num="407" type="method" name="setCheckForUnintentionallyCoveredCode" crap="6" count="0"/>
      <line num="409" type="stmt" count="0"/>
      <line num="410" type="stmt" count="0"/>
      <line num="411" type="stmt" count="0"/>
      <line num="413" type="stmt" count="0"/>
      <line num="416" type="stmt" count="0"/>
      <line num="417" type="stmt" count="0"/>
      <line num="423" type="method" name="setForceCoversAnnotation" crap="6" count="0"/>
      <line num="425" type="stmt" count="0"/>
      <line num="426" type="stmt" count="0"/>
      <line num="427" type="stmt" count="0"/>
      <line num="429" type="stmt" count="0"/>
      <line num="432" type="stmt" count="0"/>
      <line num="433" type="stmt" count="0"/>
      <line num="439" type="method" name="setMapTestClassNameToCoveredClassName" crap="6" count="0"/>
      <line num="441" type="stmt" count="0"/>
      <line num="442" type="stmt" count="0"/>
      <line num="443" type="stmt" count="0"/>
      <line num="445" type="stmt" count="0"/>
      <line num="448" type="stmt" count="0"/>
      <line num="449" type="stmt" count="0"/>
      <line num="455" type="method" name="setAddUncoveredFilesFromWhitelist" crap="6" count="0"/>
      <line num="457" type="stmt" count="0"/>
      <line num="458" type="stmt" count="0"/>
      <line num="459" type="stmt" count="0"/>
      <line num="461" type="stmt" count="0"/>
      <line num="464" type="stmt" count="0"/>
      <line num="465" type="stmt" count="0"/>
      <line num="471" type="method" name="setProcessUncoveredFilesFromWhitelist" crap="6" count="0"/>
      <line num="473" type="stmt" count="0"/>
      <line num="474" type="stmt" count="0"/>
      <line num="475" type="stmt" count="0"/>
      <line num="477" type="stmt" count="0"/>
      <line num="480" type="stmt" count="0"/>
      <line num="481" type="stmt" count="0"/>
      <line num="487" type="method" name="setDisableIgnoredLines" crap="6" count="0"/>
      <line num="489" type="stmt" count="0"/>
      <line num="490" type="stmt" count="0"/>
      <line num="491" type="stmt" count="0"/>
      <line num="493" type="stmt" count="0"/>
      <line num="496" type="stmt" count="0"/>
      <line num="497" type="stmt" count="0"/>
      <line num="507" type="method" name="applyCoversAnnotationFilter" crap="56" count="0"/>
      <line num="509" type="stmt" count="0"/>
      <line num="510" type="stmt" count="0"/>
      <line num="511" type="stmt" count="0"/>
      <line num="513" type="stmt" count="0"/>
      <line num="516" type="stmt" count="0"/>
      <line num="517" type="stmt" count="0"/>
      <line num="520" type="stmt" count="0"/>
      <line num="521" type="stmt" count="0"/>
      <line num="522" type="stmt" count="0"/>
      <line num="523" type="stmt" count="0"/>
      <line num="525" type="stmt" count="0"/>
      <line num="526" type="stmt" count="0"/>
      <line num="528" type="stmt" count="0"/>
      <line num="530" type="stmt" count="0"/>
      <line num="531" type="stmt" count="0"/>
      <line num="533" type="stmt" count="0"/>
      <line num="534" type="stmt" count="0"/>
      <line num="536" type="stmt" count="0"/>
      <line num="537" type="stmt" count="0"/>
      <line num="538" type="stmt" count="0"/>
      <line num="545" type="method" name="applyListsFilter" crap="12" count="0"/>
      <line num="547" type="stmt" count="0"/>
      <line num="548" type="stmt" count="0"/>
      <line num="549" type="stmt" count="0"/>
      <line num="550" type="stmt" count="0"/>
      <line num="551" type="stmt" count="0"/>
      <line num="552" type="stmt" count="0"/>
      <line num="559" type="method" name="applyIgnoredLinesFilter" crap="20" count="0"/>
      <line num="561" type="stmt" count="0"/>
      <line num="562" type="stmt" count="0"/>
      <line num="563" type="stmt" count="0"/>
      <line num="566" type="stmt" count="0"/>
      <line num="567" type="stmt" count="0"/>
      <line num="568" type="stmt" count="0"/>
      <line num="569" type="stmt" count="0"/>
      <line num="570" type="stmt" count="0"/>
      <line num="576" type="method" name="initializeFilesThatAreSeenTheFirstTime" crap="42" count="0"/>
      <line num="578" type="stmt" count="0"/>
      <line num="579" type="stmt" count="0"/>
      <line num="580" type="stmt" count="0"/>
      <line num="582" type="stmt" count="0"/>
      <line num="583" type="stmt" count="0"/>
      <line num="584" type="stmt" count="0"/>
      <line num="585" type="stmt" count="0"/>
      <line num="586" type="stmt" count="0"/>
      <line num="587" type="stmt" count="0"/>
      <line num="592" type="method" name="addUncoveredFilesFromWhitelist" crap="30" count="0"/>
      <line num="594" type="stmt" count="0"/>
      <line num="595" type="stmt" count="0"/>
      <line num="596" type="stmt" count="0"/>
      <line num="597" type="stmt" count="0"/>
      <line num="598" type="stmt" count="0"/>
      <line num="600" type="stmt" count="0"/>
      <line num="601" type="stmt" count="0"/>
      <line num="602" type="stmt" count="0"/>
      <line num="605" type="stmt" count="0"/>
      <line num="606" type="stmt" count="0"/>
      <line num="607" type="stmt" count="0"/>
      <line num="608" type="stmt" count="0"/>
      <line num="610" type="stmt" count="0"/>
      <line num="611" type="stmt" count="0"/>
      <line num="612" type="stmt" count="0"/>
      <line num="614" type="stmt" count="0"/>
      <line num="616" type="stmt" count="0"/>
      <line num="617" type="stmt" count="0"/>
      <line num="618" type="stmt" count="0"/>
      <line num="620" type="stmt" count="0"/>
      <line num="622" type="stmt" count="0"/>
      <line num="623" type="stmt" count="0"/>
      <line num="630" type="method" name="processUncoveredFileFromWhitelist" crap="42" count="0"/>
      <line num="632" type="stmt" count="0"/>
      <line num="633" type="stmt" count="0"/>
      <line num="634" type="stmt" count="0"/>
      <line num="636" type="stmt" count="0"/>
      <line num="637" type="stmt" count="0"/>
      <line num="638" type="stmt" count="0"/>
      <line num="639" type="stmt" count="0"/>
      <line num="640" type="stmt" count="0"/>
      <line num="641" type="stmt" count="0"/>
      <line num="642" type="stmt" count="0"/>
      <line num="643" type="stmt" count="0"/>
      <line num="645" type="stmt" count="0"/>
      <line num="646" type="stmt" count="0"/>
      <line num="647" type="stmt" count="0"/>
      <line num="648" type="stmt" count="0"/>
      <line num="658" type="method" name="getLinesToBeIgnored" crap="2070" count="0"/>
      <line num="660" type="stmt" count="0"/>
      <line num="661" type="stmt" count="0"/>
      <line num="662" type="stmt" count="0"/>
      <line num="664" type="stmt" count="0"/>
      <line num="667" type="stmt" count="0"/>
      <line num="668" type="stmt" count="0"/>
      <line num="670" type="stmt" count="0"/>
      <line num="671" type="stmt" count="0"/>
      <line num="674" type="stmt" count="0"/>
      <line num="675" type="stmt" count="0"/>
      <line num="676" type="stmt" count="0"/>
      <line num="677" type="stmt" count="0"/>
      <line num="679" type="stmt" count="0"/>
      <line num="680" type="stmt" count="0"/>
      <line num="681" type="stmt" count="0"/>
      <line num="682" type="stmt" count="0"/>
      <line num="683" type="stmt" count="0"/>
      <line num="685" type="stmt" count="0"/>
      <line num="686" type="stmt" count="0"/>
      <line num="687" type="stmt" count="0"/>
      <line num="688" type="stmt" count="0"/>
      <line num="691" type="stmt" count="0"/>
      <line num="692" type="stmt" count="0"/>
      <line num="694" type="stmt" count="0"/>
      <line num="695" type="stmt" count="0"/>
      <line num="696" type="stmt" count="0"/>
      <line num="697" type="stmt" count="0"/>
      <line num="698" type="stmt" count="0"/>
      <line num="699" type="stmt" count="0"/>
      <line num="701" type="stmt" count="0"/>
      <line num="702" type="stmt" count="0"/>
      <line num="703" type="stmt" count="0"/>
      <line num="704" type="stmt" count="0"/>
      <line num="705" type="stmt" count="0"/>
      <line num="706" type="stmt" count="0"/>
      <line num="707" type="stmt" count="0"/>
      <line num="708" type="stmt" count="0"/>
      <line num="709" type="stmt" count="0"/>
      <line num="710" type="stmt" count="0"/>
      <line num="711" type="stmt" count="0"/>
      <line num="713" type="stmt" count="0"/>
      <line num="714" type="stmt" count="0"/>
      <line num="715" type="stmt" count="0"/>
      <line num="719" type="stmt" count="0"/>
      <line num="720" type="stmt" count="0"/>
      <line num="721" type="stmt" count="0"/>
      <line num="723" type="stmt" count="0"/>
      <line num="724" type="stmt" count="0"/>
      <line num="725" type="stmt" count="0"/>
      <line num="729" type="stmt" count="0"/>
      <line num="730" type="stmt" count="0"/>
      <line num="731" type="stmt" count="0"/>
      <line num="732" type="stmt" count="0"/>
      <line num="733" type="stmt" count="0"/>
      <line num="735" type="stmt" count="0"/>
      <line num="736" type="stmt" count="0"/>
      <line num="737" type="stmt" count="0"/>
      <line num="738" type="stmt" count="0"/>
      <line num="739" type="stmt" count="0"/>
      <line num="741" type="stmt" count="0"/>
      <line num="743" type="stmt" count="0"/>
      <line num="744" type="stmt" count="0"/>
      <line num="746" type="stmt" count="0"/>
      <line num="747" type="stmt" count="0"/>
      <line num="748" type="stmt" count="0"/>
      <line num="749" type="stmt" count="0"/>
      <line num="750" type="stmt" count="0"/>
      <line num="751" type="stmt" count="0"/>
      <line num="752" type="stmt" count="0"/>
      <line num="753" type="stmt" count="0"/>
      <line num="754" type="stmt" count="0"/>
      <line num="755" type="stmt" count="0"/>
      <line num="756" type="stmt" count="0"/>
      <line num="757" type="stmt" count="0"/>
      <line num="758" type="stmt" count="0"/>
      <line num="759" type="stmt" count="0"/>
      <line num="760" type="stmt" count="0"/>
      <line num="761" type="stmt" count="0"/>
      <line num="764" type="stmt" count="0"/>
      <line num="765" type="stmt" count="0"/>
      <line num="766" type="stmt" count="0"/>
      <line num="767" type="stmt" count="0"/>
      <line num="768" type="stmt" count="0"/>
      <line num="770" type="stmt" count="0"/>
      <line num="771" type="stmt" count="0"/>
      <line num="772" type="stmt" count="0"/>
      <line num="774" type="stmt" count="0"/>
      <line num="775" type="stmt" count="0"/>
      <line num="776" type="stmt" count="0"/>
      <line num="777" type="stmt" count="0"/>
      <line num="778" type="stmt" count="0"/>
      <line num="780" type="stmt" count="0"/>
      <line num="781" type="stmt" count="0"/>
      <line num="782" type="stmt" count="0"/>
      <line num="783" type="stmt" count="0"/>
      <line num="784" type="stmt" count="0"/>
      <line num="786" type="stmt" count="0"/>
      <line num="787" type="stmt" count="0"/>
      <line num="789" type="stmt" count="0"/>
      <line num="790" type="stmt" count="0"/>
      <line num="793" type="stmt" count="0"/>
      <line num="794" type="stmt" count="0"/>
      <line num="795" type="stmt" count="0"/>
      <line num="796" type="stmt" count="0"/>
      <line num="797" type="stmt" count="0"/>
      <line num="798" type="stmt" count="0"/>
      <line num="800" type="stmt" count="0"/>
      <line num="801" type="stmt" count="0"/>
      <line num="803" type="stmt" count="0"/>
      <line num="804" type="stmt" count="0"/>
      <line num="805" type="stmt" count="0"/>
      <line num="806" type="stmt" count="0"/>
      <line num="807" type="stmt" count="0"/>
      <line num="808" type="stmt" count="0"/>
      <line num="810" type="stmt" count="0"/>
      <line num="812" type="stmt" count="0"/>
      <line num="813" type="stmt" count="0"/>
      <line num="814" type="stmt" count="0"/>
      <line num="816" type="stmt" count="0"/>
      <line num="817" type="stmt" count="0"/>
      <line num="819" type="stmt" count="0"/>
      <line num="829" type="method" name="performUnintentionallyCoveredCodeCheck" crap="56" count="0"/>
      <line num="831" type="stmt" count="0"/>
      <line num="832" type="stmt" count="0"/>
      <line num="834" type="stmt" count="0"/>
      <line num="836" type="stmt" count="0"/>
      <line num="838" type="stmt" count="0"/>
      <line num="839" type="stmt" count="0"/>
      <line num="840" type="stmt" count="0"/>
      <line num="841" type="stmt" count="0"/>
      <line num="842" type="stmt" count="0"/>
      <line num="843" type="stmt" count="0"/>
      <line num="844" type="stmt" count="0"/>
      <line num="845" type="stmt" count="0"/>
      <line num="847" type="stmt" count="0"/>
      <line num="848" type="stmt" count="0"/>
      <line num="849" type="stmt" count="0"/>
      <line num="850" type="stmt" count="0"/>
      <line num="852" type="stmt" count="0"/>
      <line num="853" type="stmt" count="0"/>
      <line num="855" type="stmt" count="0"/>
      <line num="857" type="stmt" count="0"/>
      <line num="865" type="method" name="getAllowedLines" crap="42" count="0"/>
      <line num="867" type="stmt" count="0"/>
      <line num="869" type="stmt" count="0"/>
      <line num="870" type="stmt" count="0"/>
      <line num="871" type="stmt" count="0"/>
      <line num="872" type="stmt" count="0"/>
      <line num="874" type="stmt" count="0"/>
      <line num="875" type="stmt" count="0"/>
      <line num="876" type="stmt" count="0"/>
      <line num="877" type="stmt" count="0"/>
      <line num="878" type="stmt" count="0"/>
      <line num="880" type="stmt" count="0"/>
      <line num="881" type="stmt" count="0"/>
      <line num="882" type="stmt" count="0"/>
      <line num="883" type="stmt" count="0"/>
      <line num="885" type="stmt" count="0"/>
      <line num="886" type="stmt" count="0"/>
      <line num="887" type="stmt" count="0"/>
      <line num="888" type="stmt" count="0"/>
      <line num="889" type="stmt" count="0"/>
      <line num="891" type="stmt" count="0"/>
      <line num="892" type="stmt" count="0"/>
      <line num="893" type="stmt" count="0"/>
      <line num="894" type="stmt" count="0"/>
      <line num="895" type="stmt" count="0"/>
      <line num="897" type="stmt" count="0"/>
      <line num="904" type="method" name="selectDriver" crap="20" count="0"/>
      <line num="906" type="stmt" count="0"/>
      <line num="908" type="stmt" count="0"/>
      <line num="909" type="stmt" count="0"/>
      <line num="912" type="stmt" count="0"/>
      <line num="913" type="stmt" count="0"/>
      <line num="914" type="stmt" count="0"/>
      <line num="915" type="stmt" count="0"/>
      <line num="917" type="stmt" count="0"/>
      <metrics loc="920" ncloc="683" classes="1" methods="30" coveredmethods="0" conditionals="0" coveredconditionals="0" statements="420" coveredstatements="4" elements="450" coveredelements="4"/>
    </file>
    <file name="/Users/yannickwinter/Documents/Studium/appXpired/git/appXpired/vendor/phpunit/php-code-coverage/src/CodeCoverage/Driver/Xdebug.php">
      <class name="PHP_CodeCoverage_Driver_Xdebug" namespace="global" fullPackage="PHP.CodeCoverage.Driver">
        <metrics methods="0" coveredmethods="0" conditionals="0" coveredconditionals="0" statements="0" coveredstatements="0" elements="0" coveredelements="0"/>
      </class>
      <metrics loc="97" ncloc="62" classes="1" methods="0" coveredmethods="0" conditionals="0" coveredconditionals="0" statements="0" coveredstatements="0" elements="0" coveredelements="0"/>
    </file>
    <file name="/Users/yannickwinter/Documents/Studium/appXpired/git/appXpired/vendor/phpunit/php-code-coverage/src/CodeCoverage/Filter.php">
      <class name="PHP_CodeCoverage_Filter" namespace="global" fullPackage="PHP.CodeCoverage">
        <metrics methods="19" coveredmethods="0" conditionals="0" coveredconditionals="0" statements="71" coveredstatements="0" elements="90" coveredelements="0"/>
      </class>
      <line num="39" type="method" name="addDirectoryToBlacklist" crap="6" count="0"/>
      <line num="41" type="stmt" count="0"/>
      <line num="42" type="stmt" count="0"/>
      <line num="44" type="stmt" count="0"/>
      <line num="45" type="stmt" count="0"/>
      <line num="46" type="stmt" count="0"/>
      <line num="47" type="stmt" count="0"/>
      <line num="54" type="method" name="addFileToBlacklist" crap="2" count="0"/>
      <line num="56" type="stmt" count="0"/>
      <line num="57" type="stmt" count="0"/>
      <line num="64" type="method" name="addFilesToBlacklist" crap="6" count="0"/>
      <line num="66" type="stmt" count="0"/>
      <line num="67" type="stmt" count="0"/>
      <line num="68" type="stmt" count="0"/>
      <line num="69" type="stmt" count="0"/>
      <line num="78" type="method" name="removeDirectoryFromBlacklist" crap="6" count="0"/>
      <line num="80" type="stmt" count="0"/>
      <line num="81" type="stmt" count="0"/>
      <line num="83" type="stmt" count="0"/>
      <line num="84" type="stmt" count="0"/>
      <line num="85" type="stmt" count="0"/>
      <line num="86" type="stmt" count="0"/>
      <line num="93" type="method" name="removeFileFromBlacklist" crap="6" count="0"/>
      <line num="95" type="stmt" count="0"/>
      <line num="97" type="stmt" count="0"/>
      <line num="98" type="stmt" count="0"/>
      <line num="99" type="stmt" count="0"/>
      <line num="100" type="stmt" count="0"/>
      <line num="109" type="method" name="addDirectoryToWhitelist" crap="6" count="0"/>
      <line num="111" type="stmt" count="0"/>
      <line num="112" type="stmt" count="0"/>
      <line num="114" type="stmt" count="0"/>
      <line num="115" type="stmt" count="0"/>
      <line num="116" type="stmt" count="0"/>
      <line num="117" type="stmt" count="0"/>
      <line num="124" type="method" name="addFileToWhitelist" crap="2" count="0"/>
      <line num="126" type="stmt" count="0"/>
      <line num="127" type="stmt" count="0"/>
      <line num="134" type="method" name="addFilesToWhitelist" crap="6" count="0"/>
      <line num="136" type="stmt" count="0"/>
      <line num="137" type="stmt" count="0"/>
      <line num="138" type="stmt" count="0"/>
      <line num="139" type="stmt" count="0"/>
      <line num="148" type="method" name="removeDirectoryFromWhitelist" crap="6" count="0"/>
      <line num="150" type="stmt" count="0"/>
      <line num="151" type="stmt" count="0"/>
      <line num="153" type="stmt" count="0"/>
      <line num="154" type="stmt" count="0"/>
      <line num="155" type="stmt" count="0"/>
      <line num="156" type="stmt" count="0"/>
      <line num="163" type="method" name="removeFileFromWhitelist" crap="6" count="0"/>
      <line num="165" type="stmt" count="0"/>
      <line num="167" type="stmt" count="0"/>
      <line num="168" type="stmt" count="0"/>
      <line num="169" type="stmt" count="0"/>
      <line num="170" type="stmt" count="0"/>
      <line num="178" type="method" name="isFile" crap="90" count="0"/>
      <line num="180" type="stmt" count="0"/>
      <line num="181" type="stmt" count="0"/>
      <line num="182" type="stmt" count="0"/>
      <line num="183" type="stmt" count="0"/>
      <line num="184" type="stmt" count="0"/>
      <line num="185" type="stmt" count="0"/>
      <line num="186" type="stmt" count="0"/>
      <line num="187" type="stmt" count="0"/>
      <line num="188" type="stmt" count="0"/>
      <line num="191" type="stmt" count="0"/>
      <line num="204" type="method" name="isFiltered" crap="12" count="0"/>
      <line num="206" type="stmt" count="0"/>
      <line num="207" type="stmt" count="0"/>
      <line num="210" type="stmt" count="0"/>
      <line num="212" type="stmt" count="0"/>
      <line num="213" type="stmt" count="0"/>
      <line num="216" type="stmt" count="0"/>
      <line num="224" type="method" name="getBlacklist" crap="2" count="0"/>
      <line num="226" type="stmt" count="0"/>
      <line num="234" type="method" name="getWhitelist" crap="2" count="0"/>
      <line num="236" type="stmt" count="0"/>
      <line num="245" type="method" name="hasWhitelist" crap="2" count="0"/>
      <line num="247" type="stmt" count="0"/>
      <line num="256" type="method" name="getBlacklistedFiles" crap="2" count="0"/>
      <line num="258" type="stmt" count="0"/>
      <line num="267" type="method" name="setBlacklistedFiles" crap="2" count="0"/>
      <line num="269" type="stmt" count="0"/>
      <line num="270" type="stmt" count="0"/>
      <line num="278" type="method" name="getWhitelistedFiles" crap="2" count="0"/>
      <line num="280" type="stmt" count="0"/>
      <line num="289" type="method" name="setWhitelistedFiles" crap="2" count="0"/>
      <line num="291" type="stmt" count="0"/>
      <line num="292" type="stmt" count="0"/>
      <metrics loc="293" ncloc="156" classes="1" methods="19" coveredmethods="0" conditionals="0" coveredconditionals="0" statements="71" coveredstatements="0" elements="90" coveredelements="0"/>
    </file>
    <file name="/Users/yannickwinter/Documents/Studium/appXpired/git/appXpired/vendor/phpunit/php-file-iterator/src/Facade.php">
      <class name="File_Iterator_Facade" namespace="global" fullPackage="File.Iterator">
        <metrics methods="2" coveredmethods="0" conditionals="0" coveredconditionals="0" statements="56" coveredstatements="0" elements="58" coveredelements="0"/>
      </class>
      <line num="29" type="method" name="getFilesAsArray" crap="56" count="0"/>
      <line num="31" type="stmt" count="0"/>
      <line num="32" type="stmt" count="0"/>
      <line num="33" type="stmt" count="0"/>
      <line num="35" type="stmt" count="0"/>
      <line num="36" type="stmt" count="0"/>
      <line num="37" type="stmt" count="0"/>
      <line num="38" type="stmt" count="0"/>
      <line num="40" type="stmt" count="0"/>
      <line num="42" type="stmt" count="0"/>
      <line num="43" type="stmt" count="0"/>
      <line num="45" type="stmt" count="0"/>
      <line num="46" type="stmt" count="0"/>
      <line num="47" type="stmt" count="0"/>
      <line num="48" type="stmt" count="0"/>
      <line num="50" type="stmt" count="0"/>
      <line num="51" type="stmt" count="0"/>
      <line num="52" type="stmt" count="0"/>
      <line num="53" type="stmt" count="0"/>
      <line num="54" type="stmt" count="0"/>
      <line num="56" type="stmt" count="0"/>
      <line num="57" type="stmt" count="0"/>
      <line num="59" type="stmt" count="0"/>
      <line num="61" type="stmt" count="0"/>
      <line num="63" type="stmt" count="0"/>
      <line num="65" type="stmt" count="0"/>
      <line num="75" type="method" name="getCommonPath" crap="110" count="0"/>
      <line num="77" type="stmt" count="0"/>
      <line num="79" type="stmt" count="0"/>
      <line num="80" type="stmt" count="0"/>
      <line num="83" type="stmt" count="0"/>
      <line num="84" type="stmt" count="0"/>
      <line num="87" type="stmt" count="0"/>
      <line num="89" type="stmt" count="0"/>
      <line num="90" type="stmt" count="0"/>
      <line num="92" type="stmt" count="0"/>
      <line num="93" type="stmt" count="0"/>
      <line num="94" type="stmt" count="0"/>
      <line num="95" type="stmt" count="0"/>
      <line num="97" type="stmt" count="0"/>
      <line num="98" type="stmt" count="0"/>
      <line num="99" type="stmt" count="0"/>
      <line num="100" type="stmt" count="0"/>
      <line num="102" type="stmt" count="0"/>
      <line num="103" type="stmt" count="0"/>
      <line num="104" type="stmt" count="0"/>
      <line num="105" type="stmt" count="0"/>
      <line num="106" type="stmt" count="0"/>
      <line num="108" type="stmt" count="0"/>
      <line num="110" type="stmt" count="0"/>
      <line num="111" type="stmt" count="0"/>
      <line num="113" type="stmt" count="0"/>
      <line num="114" type="stmt" count="0"/>
      <line num="115" type="stmt" count="0"/>
      <line num="116" type="stmt" count="0"/>
      <line num="118" type="stmt" count="0"/>
      <line num="119" type="stmt" count="0"/>
      <line num="121" type="stmt" count="0"/>
      <metrics loc="123" ncloc="93" classes="1" methods="2" coveredmethods="0" conditionals="0" coveredconditionals="0" statements="56" coveredstatements="0" elements="58" coveredelements="0"/>
    </file>
    <file name="/Users/yannickwinter/Documents/Studium/appXpired/git/appXpired/vendor/phpunit/php-file-iterator/src/Factory.php">
      <class name="File_Iterator_Factory" namespace="global" fullPackage="File.Iterator">
        <metrics methods="2" coveredmethods="0" conditionals="0" coveredconditionals="0" statements="41" coveredstatements="0" elements="43" coveredelements="0"/>
      </class>
      <line num="27" type="method" name="getFileIterator" crap="72" count="0"/>
      <line num="29" type="stmt" count="0"/>
      <line num="30" type="stmt" count="0"/>
      <line num="31" type="stmt" count="0"/>
      <line num="33" type="stmt" count="0"/>
      <line num="34" type="stmt" count="0"/>
      <line num="36" type="stmt" count="0"/>
      <line num="37" type="stmt" count="0"/>
      <line num="38" type="stmt" count="0"/>
      <line num="39" type="stmt" count="0"/>
[...]
        <line num="261" type="stmt" count="0"/>
        <line num="262" type="stmt" count="0"/>
        <line num="264" type="stmt" count="0"/>
        <line num="267" type="stmt" count="0"/>
        <line num="268" type="stmt" count="0"/>
        <line num="270" type="stmt" count="0"/>
        <line num="271" type="stmt" count="0"/>
        <line num="274" type="stmt" count="0"/>
        <line num="275" type="stmt" count="0"/>
        <line num="276" type="stmt" count="0"/>
        <line num="278" type="stmt" count="0"/>
        <line num="279" type="stmt" count="0"/>
        <line num="280" type="stmt" count="0"/>
        <line num="281" type="stmt" count="0"/>
        <line num="282" type="stmt" count="0"/>
        <line num="283" type="stmt" count="0"/>
        <line num="284" type="stmt" count="0"/>
        <line num="285" type="stmt" count="0"/>
        <line num="286" type="stmt" count="0"/>
        <line num="288" type="stmt" count="0"/>
        <line num="289" type="stmt" count="0"/>
        <line num="291" type="stmt" count="0"/>
        <line num="294" type="stmt" count="0"/>
        <metrics loc="296" ncloc="203" classes="1" methods="5" coveredmethods="0" conditionals="0" coveredconditionals="0" statements="125" coveredstatements="0" elements="130" coveredelements="0"/>
      </file>
    </package>
    <package name="SebastianBergmann\GlobalState">
      <file name="/Users/yannickwinter/Documents/Studium/appXpired/git/appXpired/vendor/sebastian/global-state/src/Blacklist.php">
        <class name="Blacklist" namespace="SebastianBergmann\GlobalState">
          <metrics methods="8" coveredmethods="2" conditionals="0" coveredconditionals="0" statements="34" coveredstatements="3" elements="42" coveredelements="5"/>
        </class>
        <line num="53" type="method" name="addGlobalVariable" crap="2" count="0"/>
        <line num="55" type="stmt" count="0"/>
        <line num="56" type="stmt" count="0"/>
        <line num="61" type="method" name="addClass" crap="2" count="0"/>
        <line num="63" type="stmt" count="0"/>
        <line num="64" type="stmt" count="0"/>
        <line num="69" type="method" name="addSubclassesOf" crap="2" count="0"/>
        <line num="71" type="stmt" count="0"/>
        <line num="72" type="stmt" count="0"/>
        <line num="77" type="method" name="addImplementorsOf" crap="2" count="0"/>
        <line num="79" type="stmt" count="0"/>
        <line num="80" type="stmt" count="0"/>
        <line num="85" type="method" name="addClassNamePrefix" crap="1" count="42"/>
        <line num="87" type="stmt" count="42"/>
        <line num="88" type="stmt" count="42"/>
        <line num="94" type="method" name="addStaticAttribute" crap="6" count="0"/>
        <line num="96" type="stmt" count="0"/>
        <line num="97" type="stmt" count="0"/>
        <line num="98" type="stmt" count="0"/>
        <line num="100" type="stmt" count="0"/>
        <line num="101" type="stmt" count="0"/>
        <line num="107" type="method" name="isGlobalVariableBlacklisted" crap="1" count="42"/>
        <line num="109" type="stmt" count="42"/>
        <line num="117" type="method" name="isStaticAttributeBlacklisted" crap="90" count="0"/>
        <line num="119" type="stmt" count="0"/>
        <line num="120" type="stmt" count="0"/>
        <line num="123" type="stmt" count="0"/>
        <line num="124" type="stmt" count="0"/>
        <line num="125" type="stmt" count="0"/>
        <line num="127" type="stmt" count="0"/>
        <line num="129" type="stmt" count="0"/>
        <line num="131" type="stmt" count="0"/>
        <line num="132" type="stmt" count="0"/>
        <line num="133" type="stmt" count="0"/>
        <line num="135" type="stmt" count="0"/>
        <line num="137" type="stmt" count="0"/>
        <line num="138" type="stmt" count="0"/>
        <line num="139" type="stmt" count="0"/>
        <line num="141" type="stmt" count="0"/>
        <line num="143" type="stmt" count="0"/>
        <line num="144" type="stmt" count="0"/>
        <line num="147" type="stmt" count="0"/>
        <metrics loc="149" ncloc="92" classes="1" methods="8" coveredmethods="2" conditionals="0" coveredconditionals="0" statements="34" coveredstatements="3" elements="42" coveredelements="5"/>
      </file>
      <file name="/Users/yannickwinter/Documents/Studium/appXpired/git/appXpired/vendor/sebastian/global-state/src/Restorer.php">
        <class name="Restorer" namespace="SebastianBergmann\GlobalState">
          <metrics methods="4" coveredmethods="0" conditionals="0" coveredconditionals="0" statements="67" coveredstatements="32" elements="71" coveredelements="32"/>
        </class>
        <line num="27" type="method" name="restoreFunctions" crap="12" count="0"/>
        <line num="29" type="stmt" count="0"/>
        <line num="30" type="stmt" count="0"/>
        <line num="33" type="stmt" count="0"/>
        <line num="35" type="stmt" count="0"/>
        <line num="36" type="stmt" count="0"/>
        <line num="37" type="stmt" count="0"/>
        <line num="38" type="stmt" count="0"/>
        <line num="45" type="method" name="restoreGlobalVariables" crap="7.01" count="42"/>
        <line num="47" type="stmt" count="42"/>
        <line num="49" type="stmt" count="42"/>
        <line num="50" type="stmt" count="42"/>
        <line num="51" type="stmt" count="42"/>
        <line num="53" type="stmt" count="42"/>
        <line num="55" type="stmt" count="42"/>
        <line num="56" type="stmt" count="42"/>
        <line num="57" type="stmt" count="42"/>
        <line num="58" type="stmt" count="42"/>
        <line num="59" type="stmt" count="42"/>
        <line num="60" type="stmt" count="42"/>
        <line num="61" type="stmt" count="42"/>
        <line num="62" type="stmt" count="0"/>
        <line num="64" type="stmt" count="42"/>
        <line num="65" type="stmt" count="42"/>
        <line num="66" type="stmt" count="42"/>
        <line num="73" type="method" name="restoreStaticAttributes" crap="72" count="0"/>
        <line num="75" type="stmt" count="0"/>
        <line num="76" type="stmt" count="0"/>
        <line num="77" type="stmt" count="0"/>
        <line num="79" type="stmt" count="0"/>
        <line num="80" type="stmt" count="0"/>
        <line num="81" type="stmt" count="0"/>
        <line num="82" type="stmt" count="0"/>
        <line num="83" type="stmt" count="0"/>
        <line num="84" type="stmt" count="0"/>
        <line num="85" type="stmt" count="0"/>
        <line num="87" type="stmt" count="0"/>
        <line num="88" type="stmt" count="0"/>
        <line num="89" type="stmt" count="0"/>
        <line num="91" type="stmt" count="0"/>
        <line num="92" type="stmt" count="0"/>
        <line num="93" type="stmt" count="0"/>
        <line num="96" type="stmt" count="0"/>
        <line num="98" type="stmt" count="0"/>
        <line num="99" type="stmt" count="0"/>
        <line num="102" type="stmt" count="0"/>
        <line num="103" type="stmt" count="0"/>
        <line num="106" type="stmt" count="0"/>
        <line num="107" type="stmt" count="0"/>
        <line num="108" type="stmt" count="0"/>
        <line num="109" type="stmt" count="0"/>
        <line num="110" type="stmt" count="0"/>
        <line num="118" type="method" name="restoreSuperGlobalArray" crap="6.01" count="42"/>
        <line num="120" type="stmt" count="42"/>
        <line num="122" type="stmt" count="42"/>
        <line num="123" type="stmt" count="42"/>
        <line num="124" type="stmt" count="42"/>
        <line num="125" type="stmt" count="42"/>
        <line num="126" type="stmt" count="42"/>
        <line num="127" type="stmt" count="42"/>
        <line num="128" type="stmt" count="42"/>
        <line num="129" type="stmt" count="42"/>
        <line num="130" type="stmt" count="42"/>
        <line num="132" type="stmt" count="42"/>
        <line num="133" type="stmt" count="42"/>
        <line num="134" type="stmt" count="42"/>
        <line num="135" type="stmt" count="42"/>
        <line num="136" type="stmt" count="0"/>
        <line num="138" type="stmt" count="42"/>
        <line num="139" type="stmt" count="42"/>
        <line num="140" type="stmt" count="42"/>
        <metrics loc="141" ncloc="107" classes="1" methods="4" coveredmethods="0" conditionals="0" coveredconditionals="0" statements="67" coveredstatements="32" elements="71" coveredelements="32"/>
      </file>
      <file name="/Users/yannickwinter/Documents/Studium/appXpired/git/appXpired/vendor/sebastian/global-state/src/Snapshot.php">
        <class name="Snapshot" namespace="SebastianBergmann\GlobalState">
          <metrics methods="22" coveredmethods="6" conditionals="0" coveredconditionals="0" statements="138" coveredstatements="53" elements="160" coveredelements="59"/>
        </class>
        <line num="95" type="method" name="__construct" crap="28.41" count="42"/>
        <line num="97" type="stmt" count="42"/>
        <line num="98" type="stmt" count="0"/>
        <line num="99" type="stmt" count="0"/>
        <line num="101" type="stmt" count="42"/>
        <line num="103" type="stmt" count="42"/>
        <line num="104" type="stmt" count="0"/>
        <line num="105" type="stmt" count="0"/>
        <line num="107" type="stmt" count="42"/>
        <line num="108" type="stmt" count="0"/>
        <line num="109" type="stmt" count="0"/>
        <line num="111" type="stmt" count="42"/>
        <line num="112" type="stmt" count="0"/>
        <line num="113" type="stmt" count="0"/>
        <line num="115" type="stmt" count="42"/>
        <line num="116" type="stmt" count="0"/>
        <line num="117" type="stmt" count="0"/>
        <line num="119" type="stmt" count="42"/>
        <line num="120" type="stmt" count="42"/>
        <line num="121" type="stmt" count="42"/>
        <line num="122" type="stmt" count="42"/>
        <line num="124" type="stmt" count="42"/>
        <line num="125" type="stmt" count="0"/>
        <line num="126" type="stmt" count="0"/>
        <line num="128" type="stmt" count="42"/>
        <line num="129" type="stmt" count="0"/>
        <line num="130" type="stmt" count="0"/>
        <line num="132" type="stmt" count="42"/>
        <line num="133" type="stmt" count="0"/>
        <line num="134" type="stmt" count="0"/>
        <line num="136" type="stmt" count="42"/>
        <line num="137" type="stmt" count="42"/>
        <line num="138" type="stmt" count="42"/>
        <line num="139" type="stmt" count="42"/>
        <line num="144" type="method" name="blacklist" crap="1" count="42"/>
        <line num="146" type="stmt" count="42"/>
        <line num="152" type="method" name="globalVariables" crap="1" count="42"/>
        <line num="154" type="stmt" count="42"/>
        <line num="160" type="method" name="superGlobalVariables" crap="1" count="42"/>
        <line num="162" type="stmt" count="42"/>
        <line num="170" type="method" name="superGlobalArrays" crap="1" count="42"/>
        <line num="172" type="stmt" count="42"/>
        <line num="178" type="method" name="staticAttributes" crap="2" count="0"/>
        <line num="180" type="stmt" count="0"/>
        <line num="186" type="method" name="iniSettings" crap="2" count="0"/>
        <line num="188" type="stmt" count="0"/>
        <line num="194" type="method" name="includedFiles" crap="2" count="0"/>
        <line num="196" type="stmt" count="0"/>
        <line num="202" type="method" name="constants" crap="2" count="0"/>
        <line num="204" type="stmt" count="0"/>
        <line num="210" type="method" name="functions" crap="2" count="0"/>
        <line num="212" type="stmt" count="0"/>
        <line num="218" type="method" name="interfaces" crap="2" count="0"/>
        <line num="220" type="stmt" count="0"/>
        <line num="226" type="method" name="classes" crap="2" count="0"/>
        <line num="228" type="stmt" count="0"/>
        <line num="234" type="method" name="traits" crap="2" count="0"/>
        <line num="236" type="stmt" count="0"/>
        <line num="242" type="method" name="snapshotConstants" crap="6" count="0"/>
        <line num="244" type="stmt" count="0"/>
        <line num="246" type="stmt" count="0"/>
        <line num="247" type="stmt" count="0"/>
        <line num="248" type="stmt" count="0"/>
        <line num="249" type="stmt" count="0"/>
        <line num="254" type="method" name="snapshotFunctions" crap="2" count="0"/>
        <line num="256" type="stmt" count="0"/>
        <line num="258" type="stmt" count="0"/>
        <line num="259" type="stmt" count="0"/>
        <line num="264" type="method" name="snapshotClasses" crap="12" count="0"/>
        <line num="266" type="stmt" count="0"/>
        <line num="267" type="stmt" count="0"/>
        <line num="269" type="stmt" count="0"/>
        <line num="270" type="stmt" count="0"/>
        <line num="273" type="stmt" count="0"/>
        <line num="274" type="stmt" count="0"/>
        <line num="276" type="stmt" count="0"/>
        <line num="277" type="stmt" count="0"/>
        <line num="282" type="method" name="snapshotInterfaces" crap="12" count="0"/>
        <line num="284" type="stmt" count="0"/>
        <line num="285" type="stmt" count="0"/>
        <line num="287" type="stmt" count="0"/>
        <line num="288" type="stmt" count="0"/>
        <line num="291" type="stmt" count="0"/>
        <line num="292" type="stmt" count="0"/>
        <line num="294" type="stmt" count="0"/>
        <line num="295" type="stmt" count="0"/>
        <line num="300" type="method" name="snapshotGlobals" crap="7" count="42"/>
        <line num="302" type="stmt" count="42"/>
        <line num="304" type="stmt" count="42"/>
        <line num="305" type="stmt" count="42"/>
        <line num="306" type="stmt" count="42"/>
        <line num="308" type="stmt" count="42"/>
        <line num="309" type="stmt" count="42"/>
        <line num="310" type="stmt" count="42"/>
        <line num="311" type="stmt" count="42"/>
        <line num="312" type="stmt" count="42"/>
        <line num="313" type="stmt" count="42"/>
        <line num="314" type="stmt" count="42"/>
        <line num="315" type="stmt" count="42"/>
        <line num="316" type="stmt" count="42"/>
        <line num="323" type="method" name="snapshotSuperGlobalArray" crap="4" count="42"/>
        <line num="325" type="stmt" count="42"/>
        <line num="327" type="stmt" count="42"/>
        <line num="328" type="stmt" count="42"/>
        <line num="329" type="stmt" count="42"/>
        <line num="330" type="stmt" count="42"/>
        <line num="331" type="stmt" count="42"/>
        <line num="332" type="stmt" count="42"/>
        <line num="337" type="method" name="snapshotStaticAttributes" crap="56" count="0"/>
        <line num="339" type="stmt" count="0"/>
        <line num="340" type="stmt" count="0"/>
        <line num="341" type="stmt" count="0"/>
        <line num="343" type="stmt" count="0"/>
        <line num="344" type="stmt" count="0"/>
        <line num="345" type="stmt" count="0"/>
        <line num="347" type="stmt" count="0"/>
        <line num="348" type="stmt" count="0"/>
        <line num="351" type="stmt" count="0"/>
        <line num="352" type="stmt" count="0"/>
        <line num="354" type="stmt" count="0"/>
        <line num="355" type="stmt" count="0"/>
        <line num="356" type="stmt" count="0"/>
        <line num="357" type="stmt" count="0"/>
        <line num="358" type="stmt" count="0"/>
        <line num="360" type="stmt" count="0"/>
        <line num="361" type="stmt" count="0"/>
        <line num="362" type="stmt" count="0"/>
        <line num="363" type="stmt" count="0"/>
        <line num="364" type="stmt" count="0"/>
        <line num="371" type="method" name="setupSuperGlobalArrays" crap="2.50" count="42"/>
        <line num="373" type="stmt" count="42"/>
        <line num="374" type="stmt" count="42"/>
        <line num="375" type="stmt" count="42"/>
        <line num="376" type="stmt" count="42"/>
        <line num="377" type="stmt" count="42"/>
        <line num="378" type="stmt" count="42"/>
        <line num="379" type="stmt" count="42"/>
        <line num="381" type="stmt" count="42"/>
        <line num="383" type="stmt" count="42"/>
        <line num="384" type="stmt" count="0"/>
        <line num="385" type="stmt" count="0"/>
        <line num="387" type="stmt" count="0"/>
        <line num="388" type="stmt" count="0"/>
        <line num="389" type="stmt" count="0"/>
        <line num="390" type="stmt" count="0"/>
        <line num="391" type="stmt" count="0"/>
        <line num="393" type="stmt" count="0"/>
        <line num="394" type="stmt" count="0"/>
        <line num="395" type="stmt" count="0"/>
        <line num="396" type="stmt" count="42"/>
        <line num="403" type="method" name="canBeSerialized" crap="16.76" count="42"/>
        <line num="405" type="stmt" count="42"/>
        <line num="406" type="stmt" count="42"/>
        <line num="409" type="stmt" count="0"/>
        <line num="410" type="stmt" count="0"/>
        <line num="413" type="stmt" count="0"/>
        <line num="416" type="stmt" count="0"/>
        <line num="417" type="stmt" count="0"/>
        <line num="419" type="stmt" count="0"/>
        <line num="421" type="stmt" count="0"/>
        <metrics loc="423" ncloc="291" classes="1" methods="22" coveredmethods="6" conditionals="0" coveredconditionals="0" statements="138" coveredstatements="53" elements="160" coveredelements="59"/>
      </file>
    </package>
    <package name="SebastianBergmann">
      <file name="/Users/yannickwinter/Documents/Studium/appXpired/git/appXpired/vendor/sebastian/version/src/Version.php">
        <class name="Version" namespace="SebastianBergmann">
          <metrics methods="3" coveredmethods="0" conditionals="0" coveredconditionals="0" statements="28" coveredstatements="0" elements="31" coveredelements="0"/>
        </class>
        <line num="26" type="method" name="__construct" crap="2" count="0"/>
        <line num="28" type="stmt" count="0"/>
        <line num="29" type="stmt" count="0"/>
        <line num="30" type="stmt" count="0"/>
        <line num="35" type="method" name="getVersion" crap="30" count="0"/>
        <line num="37" type="stmt" count="0"/>
        <line num="38" type="stmt" count="0"/>
        <line num="39" type="stmt" count="0"/>
        <line num="40" type="stmt" count="0"/>
        <line num="41" type="stmt" count="0"/>
        <line num="44" type="stmt" count="0"/>
        <line num="46" type="stmt" count="0"/>
        <line num="47" type="stmt" count="0"/>
        <line num="48" type="stmt" count="0"/>
        <line num="49" type="stmt" count="0"/>
        <line num="50" type="stmt" count="0"/>
        <line num="52" type="stmt" count="0"/>
        <line num="54" type="stmt" count="0"/>
        <line num="55" type="stmt" count="0"/>
        <line num="57" type="stmt" count="0"/>
        <line num="64" type="method" name="getGitInformation" crap="12" count="0"/>
        <line num="66" type="stmt" count="0"/>
        <line num="67" type="stmt" count="0"/>
        <line num="70" type="stmt" count="0"/>
        <line num="71" type="stmt" count="0"/>
        <line num="72" type="stmt" count="0"/>
        <line num="73" type="stmt" count="0"/>
        <line num="74" type="stmt" count="0"/>
        <line num="76" type="stmt" count="0"/>
        <line num="77" type="stmt" count="0"/>
        <line num="80" type="stmt" count="0"/>
        <metrics loc="82" ncloc="60" classes="1" methods="3" coveredmethods="0" conditionals="0" coveredconditionals="0" statements="28" coveredstatements="0" elements="31" coveredelements="0"/>
      </file>
    </package>
    <metrics files="52" loc="14588" ncloc="10523" classes="245" methods="486" coveredmethods="40" conditionals="0" coveredconditionals="0" statements="5580" coveredstatements="337" elements="6066" coveredelements="377"/>
  </project>
</coverage>
